<?xml version="1.0" encoding="UTF-8"?>
<!-- Generated by org.testng.reporters.JUnitReportReporter -->
<testsuite skipped="0" hostname="BA-000289023" name="com.telus.rcms.tests.getChangeServCommitmentPenalty.TC01_Koodo_TAB_HWS_MSC_Broken" tests="1" failures="0" timestamp="2022-07-18T02:57:58 IST" time="19.184" errors="0">
  <testcase name="testMethod_Migration" time="19.184" classname="com.telus.rcms.tests.getChangeServCommitmentPenalty.TC01_Koodo_TAB_HWS_MSC_Broken"/>
  <system-out>
    <![CDATA[<div id='messageValidation' style='background-color: silver; color: black; font-size: xx-small; border: silver 2px solid; padding: 5px;'><table><tr><td style='width:85px;'>Validation</td><td>:</td><td id='message'>Extent-Report Directory [Succesfuly Created]: C:\bin\UIReports\2022 07 18 02 57 38\</td></tr></table></div><br/><br/>
<div id='messageValidation' style='background-color: silver; color: black; font-size: xx-small; border: silver 2px solid; padding: 5px;'><table><tr><td style='width:85px;'>Validation</td><td>:</td><td id='message'>Extent-Report Directory [Succesfuly Created]: C:\bin\UIReports\2022 07 18 02 57 38\</td></tr></table></div><br/><br/>
<div id='messageValidation' style='background-color: silver; color: black; font-size: xx-small; border: silver 2px solid; padding: 5px;'><table><tr><td style='width:85px;'>Validation</td><td>:</td><td id='message'>ExtentReport Path for WINDOWS: C:\bin\UIReports\2022 07 18 02 57 38\
</td></tr></table></div><br/><br/>
<div id='messageValidation' style='background-color: silver; color: black; font-size: xx-small; border: silver 2px solid; padding: 5px;'><table><tr><td style='width:85px;'>Validation</td><td>:</td><td id='message'>TestListener.createNewTestReport</td></tr></table></div><br/><br/>
<div id='messageValidation' style='background-color: silver; color: black; font-size: xx-small; border: silver 2px solid; padding: 5px;'><table><tr><td style='width:85px;'>Validation</td><td>:</td><td id='message'>GROUP_REPORT tag property :  true</td></tr></table></div><br/><br/>
<div id='messageValidation' style='background-color: silver; color: black; font-size: xx-small; border: silver 2px solid; padding: 5px;'><table><tr><td style='width:85px;'>Validation</td><td>:</td><td id='message'>TestListener.onTestStart</td></tr></table></div><br/><br/>
<div id='messageValidation' style='background-color: silver; color: black; font-size: xx-small; border: silver 2px solid; padding: 5px;'><table><tr><td style='width:85px;'>Validation</td><td>:</td><td id='message'>Automation Configuration - Environment Configured for Automation Execution [PT168]</td></tr></table></div><br/><br/>
<div id='messageValidation' style='background-color: silver; color: black; font-size: xx-small; border: silver 2px solid; padding: 5px;'><table><tr><td style='width:85px;'>Validation</td><td>:</td><td id='message'>Test Case Name : [TC01_Koodo_TAB_HWS_MSC_Broken]</td></tr></table></div><br/><br/>
<div id='messageValidation' style='background-color: silver; color: black; font-size: xx-small; border: silver 2px solid; padding: 5px;'><table><tr><td style='width:85px;'>Validation</td><td>:</td><td id='message'>Test Case Description : [The purpose of this test case is to verify "TC01_Koodo_TAB_HWS_MSC_Broken" workflow]</td></tr></table></div><br/><br/>
<div id='messageValidation' style='background-color: silver; color: black; font-size: xx-small; border: silver 2px solid; padding: 5px;'><table><tr><td style='width:85px;'>Validation</td><td>:</td><td id='message'>STEP ===== > OAuth2 API Call</td></tr></table></div><br/><br/>
<div id='messageValidation' style='background-color: silver; color: black; font-size: xx-small; border: silver 2px solid; padding: 5px;'><table><tr><td style='width:85px;'>Validation</td><td>:</td><td id='message'>API Operation status: 200</td></tr></table></div><br/><br/>
<div id='messageValidation' style='background-color: silver; color: black; font-size: xx-small; border: silver 2px solid; padding: 5px;'><table><tr><td style='width:85px;'>Validation</td><td>:</td><td id='message'>STEP ===== > OAuth2 API Call</td></tr></table></div><br/><br/>
<div id='messageValidation' style='background-color: silver; color: black; font-size: xx-small; border: silver 2px solid; padding: 5px;'><table><tr><td style='width:85px;'>Validation</td><td>:</td><td id='message'>API Operation status: 200</td></tr></table></div><br/><br/>
<div id='messageValidation' style='background-color: silver; color: black; font-size: xx-small; border: silver 2px solid; padding: 5px;'><table><tr><td style='width:85px;'>Validation</td><td>:</td><td id='message'>ACCESS_TOKEN FOR REWARD SERVICE: eyJhbGciOiJSUzI1NiIsImtpZCI6ImNhZGZhMTYyLTU2YzEtNGRiOS1hNjNmLTYwZTM3NzIwMWJkZiIsInBpLmF0bSI6IjMifQ.eyJzY29wZSI6WyIyMzUiLCIyMzMiLCIxMjUiLCI5OTIiXSwiY2xpZW50X2lkIjoiODM5ZDQ5MmEtMWQ3NC00Yjc5LThhMjgtNjJiM2EyZWE4YmZiIiwiaXNzIjoiaHR0cHM6Ly90ZWFtc3NvLWl0czA0LnRlbHVzLmNvbSIsImF1ZCI6ImtvbmciLCJpYXQiOjE2NTgwOTMzODMsImV4cCI6MTY1ODA5MzY4M30.lixBLcnR30pXrAFQ5WXoltZ8JlnxAi94wfk2Eowg3tlAs0GJZQbrOYM6rRKWTK0Lx-jp8JJiLw7iiGVsnT5odArUnXSDXS58s3YjlgGMUzAQUCfEKpl2s8hN1l_AKgDfRsq3A3tcMcUOwLDB6kfKxEMy3nVxenmlc1tkZAQgPoUV-Nv9iDyTMOYQwndoHmyXID_dAVvDWWTawLgdTstLRW0C--W3yeSvjDw3bkkkaViR73k347D2H2b_UCB4hhsFwn5DlWlilGckMqvhuH1b8WOs_D0gc12SYzmCMP3K9WXHd8-oOQD8HhEePL_xDrFFuCnn4GC9zl-VLd--6njCKA</td></tr></table></div><br/><br/>
<div id='messageValidation' style='background-color: silver; color: black; font-size: xx-small; border: silver 2px solid; padding: 5px;'><table><tr><td style='width:85px;'>Validation</td><td>:</td><td id='message'>ACCESS_TOKEN FOR VIOLATION SERVICE: eyJhbGciOiJSUzI1NiIsImtpZCI6ImNhZGZhMTYyLTU2YzEtNGRiOS1hNjNmLTYwZTM3NzIwMWJkZiIsInBpLmF0bSI6IjMifQ.eyJzY29wZSI6WyIxMjciLCIxOTE0Il0sImNsaWVudF9pZCI6ImJlYWIyNjljLWU2MTgtNDE5Yy04NjBiLTc1ODVmMzE4MGQ0OCIsImlzcyI6Imh0dHBzOi8vdGVhbXNzby1pdHMwNC50ZWx1cy5jb20iLCJhdWQiOiJrb25nIiwiaWF0IjoxNjU4MDkzMzg0LCJleHAiOjE2NTgwOTM2ODR9.Ddq-DxqNfKTeVFDyohe4MWvIn7LokC340DPGBln9UOIGT3qkbsSGi6o6gq3HaeNSZMIlJYE2tUuwRJS6lcA9MYOB5CD3LCA5TrixCsAlFLAn5nPusb5zAAfUMF4K76MzEktosXSy4ZJ5iNDHIkyXOP5T-8QSZ10g7WXy5ipoGQW-JifNUYP8u4qc3sMYV8H2VsbLA41BN1QCx1MFtd0wkFFTKjyzqQTTXJAFD4flfoUTnyRM3uj3_wr05rcWMQvqHT3JLrz7TEOwbYNv4W58jKX45Qw0-lhPt7myISqqC2uAaYIxrLV0BMKoNCs-cUo-f_cIWlesGifQBmiDykferw</td></tr></table></div><br/><br/>
<div id='messageValidation' style='background-color: silver; color: black; font-size: xx-small; border: silver 2px solid; padding: 5px;'><table><tr><td style='width:85px;'>Validation</td><td>:</td><td id='message'>API Test Env is : [it01]</td></tr></table></div><br/><br/>
<div id='messageValidation' style='background-color: silver; color: black; font-size: xx-small; border: silver 2px solid; padding: 5px;'><table><tr><td style='width:85px;'>Validation</td><td>:</td><td id='message'>------------DB connected successfully------------</td></tr></table></div><br/><br/>
<div id='messageValidation' style='background-color: silver; color: black; font-size: xx-small; border: silver 2px solid; padding: 5px;'><table><tr><td style='width:85px;'>Validation</td><td>:</td><td id='message'>Auto-Generated BAN : [70905506]</td></tr></table></div><br/><br/>
<div id='messageValidation' style='background-color: silver; color: black; font-size: xx-small; border: silver 2px solid; padding: 5px;'><table><tr><td style='width:85px;'>Validation</td><td>:</td><td id='message'>Auto-Generated SUBSCRIPTION_ID : [8493297]</td></tr></table></div><br/><br/>
<div id='messageValidation' style='background-color: silver; color: black; font-size: xx-small; border: silver 2px solid; padding: 5px;'><table><tr><td style='width:85px;'>Validation</td><td>:</td><td id='message'>Auto-Generated SUBSCRIPTION_NUMBER : [4161396714]</td></tr></table></div><br/><br/>
<div id='messageValidation' style='background-color: silver; color: black; font-size: xx-small; border: silver 2px solid; padding: 5px;'><table><tr><td style='width:85px;'>Validation</td><td>:</td><td id='message'>API Operation status: {agreementDuration={endDateTime=null, startDateTime=2022-07-17T00:00:00-0500, quantity={amount=24, units=MONTH}}, agreementItem=[{"id":"","itemDuration":{"endDateTime":null,"startDateTime":"2022-07-17T00:00:00-0500","quantity":{"amount":24,"units":"MONTH"}},"itemType":"HWS","incentiveAmount":240,"installment":{"characteristic":[{"name":"INSTALLMENTS_LEFT_NUM","value":"24"},{"name":"INSTALLMENTS_APPLIED_NUM","value":"0"},{"name":"INSTALLMENTS_APPLIED_AMT","value":"0.0"}]},"termOrCondition":{"characteristic":[{"name":"MIN_RATE_PLAN_VALUE_AMT","value":"0.0"},{"name":"MIN_FEATURE_VALUE_AMT","value":"0.0"},{"name":"MIN_COMBINED_VALUE_AMT","value":"80.0"}]},"tax":{"taxPaymentMethodCode":"CA","taxPaymentMechanismCode":"TILL","taxPaymentChannelCode":"RTL","taxProvinceCode":"ON","taxRate":[{"taxCategory":"HST","taxRate":13,"taxAmount":{"value":14.59,"unit":"CAD"}},{"taxCategory":"GST","taxRate":14,"taxAmount":{"value":15,"unit":"CAD"}},{"taxCategory":"PST","taxRate":16,"taxAmount":{"value":17.45,"unit":"CAD"}}]},"product":[{"productSerialNumber":"900937479125913","productSpecification":{"id":"LAI6S16GBSL","categoryCode":"SMARTPHONE","description":[{"locale":"EN_CA","description":"APPLE IPHONE 4S 32GB BLACK"},{"locale":"FR_CA","description":"APPLE IPHONE 4S 32GB BLACK"}],"typeCode":"DEVICE_TYPE"},"productPrice":{"price":{"dutyFreeAmount":{"value":1300,"unit":"CAD"}}},"productCharacteristic":[{"name":"USIM_ID","value":"8912239900003505056"}]}],"promotion":[{"id":"2345","perspectiveDate":"2022-07-17T00:00:00-0500"}],"productOffering":{"id":"1013546","characteristic":[{"name":"REDEEMED_OFFER_CONTEXT_CODE","value":"AOM"},{"name":"OFFER_TIER_CD","value":"1234"},{"name":"OFFER_TIER_CAP_AMT","value":"1500.0"},{"name":"DATA_COMMITMENT_IND","value":"false"},{"name":"CONTRACT_ENFORCED_PLAN_IND","value":"false"}],"perspectiveDate":"2022-07-17T00:00:00-0500","sourceSystemId":"15373"}},{"id":"","itemDuration":{"endDateTime":null,"startDateTime":"2022-07-17T00:00:00-0500","quantity":{"amount":24,"units":"MONTH"}},"itemType":"TAB","incentiveAmount":240,"installment":{"installmentDuration":{"endDateTime":null,"startDateTime":"2022-07-17T00:00:00-0500","quantity":{"amount":24,"units":"MONTH"}},"characteristic":[{"name":"INSTALLMENTS_LEFT_NUM","value":"24"},{"name":"INSTALLMENTS_APPLIED_NUM","value":"0"},{"name":"INSTALLMENTS_APPLIED_AMT","value":"0.0"}]},"termOrCondition":{"characteristic":[{"name":"MIN_RATE_PLAN_VALUE_AMT","value":"0.0"},{"name":"MIN_FEATURE_VALUE_AMT","value":"0.0"},{"name":"MIN_COMBINED_VALUE_AMT","value":"80.0"}]},"tax":{"taxPaymentMethodCode":"CA","taxPaymentMechanismCode":"TILL","taxPaymentChannelCode":"RTL","taxProvinceCode":"ON","taxRate":[{"taxCategory":"HST","taxRate":13,"taxAmount":{"value":14.59,"unit":"CAD"}},{"taxCategory":"GST","taxRate":14,"taxAmount":{"value":15,"unit":"CAD"}},{"taxCategory":"PST","taxRate":16,"taxAmount":{"value":17.45,"unit":"CAD"}}]},"product":[{"productSerialNumber":"900937479125913","productSpecification":{"id":"LAI6S16GBSL","categoryCode":"SMARTPHONE","description":[{"locale":"EN_CA","description":"APPLE IPHONE 4S 32GB BLACK"},{"locale":"FR_CA","description":"APPLE IPHONE 4S 32GB BLACK"}],"typeCode":"DEVICE_TYPE"},"productPrice":{"price":{"dutyFreeAmount":{"value":1300,"unit":"CAD"}}},"productCharacteristic":[{"name":"USIM_ID","value":"8912239900003505056"}]}],"promotion":[{"id":"2345","perspectiveDate":"2022-07-17T00:00:00-0500"}],"productOffering":{"id":"1013546","characteristic":[{"name":"REDEEMED_OFFER_CONTEXT_CODE","value":"AOM"},{"name":"OFFER_TIER_CD","value":"1234"},{"name":"OFFER_TIER_CAP_AMT","value":"1500.0"},{"name":"DATA_COMMITMENT_IND","value":"false"},{"name":"CONTRACT_ENFORCED_PLAN_IND","value":"false"}],"perspectiveDate":"2022-07-17T00:00:00-0500","sourceSystemId":"15373"}}], relatedParty=[{"id":"70905506","role":"ACCOUNT","characteristic":[{"name":"BRAND_ID","value":"3"},{"name":"ACCOUNT_TYPE_CODE","value":"I"},{"name":"ACCOUNT_SUB_TYPE_CODE","value":"R"}]},{"id":12373,"role":"ORIGINATOR","characteristic":[{"name":"TRANSACTION_ID","value":"877344"},{"name":"CHNL_ORG_ID","value":"20479"},{"name":"SALES_REP_ID","value":"3553"}]},{"id":"8493297","role":"Subscription","characteristic":[{"name":"MARKET_PROVINCE","value":"ON"},{"name":"HOME_PROVINCE_CODE","value":"ON"},{"name":"SUBSCRIBER_NUMBER","value":"4161396714"},{"name":"COMBO_RATE_PLAN_IND","value":"true"}]}]}</td></tr></table></div><br/><br/>
<div id='messageValidation' style='background-color: silver; color: black; font-size: xx-small; border: silver 2px solid; padding: 5px;'><table><tr><td style='width:85px;'>Validation</td><td>:</td><td id='message'>API Operation Request: 200</td></tr></table></div><br/><br/>
<div id='messageValidation' style='background-color: silver; color: black; font-size: xx-small; border: silver 2px solid; padding: 5px;'><table><tr><td style='width:85px;'>Validation</td><td>:</td><td id='message'>API Test Env is : [it01]</td></tr></table></div><br/><br/>
<div id='messageValidation' style='background-color: silver; color: black; font-size: xx-small; border: silver 2px solid; padding: 5px;'><table><tr><td style='width:85px;'>Validation</td><td>:</td><td id='message'>API Operation status: 201</td></tr></table></div><br/><br/>
<div id='messageValidation' style='background-color: silver; color: black; font-size: xx-small; border: silver 2px solid; padding: 5px;'><table><tr><td style='width:85px;'>Validation</td><td>:</td><td id='message'>API Operation Request: {href=3617715b-27fa-44a0-8f61-402fee0aae15, date=2022-07-17T17:29:54-0400, sla={id=ServiceChange}, violation={referenceValue=MSCC, consequence=[{"type":"Charge","characteristic":[{"name":"adjustmentAmt","value":"0.0"}],"billingCode":"PHCMSC","billingReversalCode":"APHCMS","loyaltyType":"HWS","amount":230.0,"typeCode":"HWSMSC"},{"type":"Charge","characteristic":[{"name":"adjustmentAmt","value":"0.0"},{"name":"financeId","value":"602081"}],"billingCode":"TABMSC","billingReversalCode":"ATABMS","loyaltyType":"TAB","amount":240.0,"typeCode":"TABMSC"}], comment=[{"locale":"EN_CA","description":"100% Tab Bonus repayment charge + 100% Tab repayment charge"},{"locale":"FR_CA","description":"100% Remboursement de la Balance Petit plus + 100% Remboursement de la Balance"}]}}</td></tr></table></div><br/><br/>
<div id='messageValidation' style='background-color: silver; color: black; font-size: xx-small; border: silver 2px solid; padding: 5px;'><table><tr><td style='width:85px;'>Validation</td><td>:</td><td id='message'>Pretty Payload: {href:3617715b-27fa-44a0-8f61-402fee0aae15, date:2022-07-17T17:29:54-0400, sla:{id:ServiceChange}, violation:{referenceValue:MSCC, consequence:[{"type":"Charge","characteristic":[{"name":"adjustmentAmt","value":"0.0"}],"billingCode":"PHCMSC","billingReversalCode":"APHCMS","loyaltyType":"HWS","amount":230.0,"typeCode":"HWSMSC"},{"type":"Charge","characteristic":[{"name":"adjustmentAmt","value":"0.0"},{"name":"financeId","value":"602081"}],"billingCode":"TABMSC","billingReversalCode":"ATABMS","loyaltyType":"TAB","amount":240.0,"typeCode":"TABMSC"}], comment:[{"locale":"EN_CA","description":"100% Tab Bonus repayment charge + 100% Tab repayment charge"},{"locale":"FR_CA","description":"100% Remboursement de la Balance Petit plus + 100% Remboursement de la Balance"}]}}</td></tr></table></div><br/><br/>
<div id='messageValidation' style='background-color: silver; color: black; font-size: xx-small; border: silver 2px solid; padding: 5px;'><table><tr><td style='width:85px;'>Validation</td><td>:</td><td id='message'>Expected Value is : not null , Actual Value From HREF is: [3617715b-27fa-44a0-8f61-402fee0aae15], VALIDATION : [SUCCESSFUL]</td></tr></table></div><br/><br/>
<div id='messageValidation' style='background-color: silver; color: black; font-size: xx-small; border: silver 2px solid; padding: 5px;'><table><tr><td style='width:85px;'>Validation</td><td>:</td><td id='message'>Expected Value is: [ServiceChange], Actual Value for - SLAID is: [ServiceChange], VALIDATION : [SUCCESSFUL]</td></tr></table></div><br/><br/>
<div id='messageValidation' style='background-color: silver; color: black; font-size: xx-small; border: silver 2px solid; padding: 5px;'><table><tr><td style='width:85px;'>Validation</td><td>:</td><td id='message'>Expected Value is: [2022-07-17], Actual Value From DB Column - DATE is: [2022-07-17], VALIDATION : [SUCCESSFUL]</td></tr></table></div><br/><br/>
<div id='messageValidation' style='background-color: silver; color: black; font-size: xx-small; border: silver 2px solid; padding: 5px;'><table><tr><td style='width:85px;'>Validation</td><td>:</td><td id='message'>---Consequence Item No =1 : HWS</td></tr></table></div><br/><br/>
<div id='messageValidation' style='background-color: silver; color: black; font-size: xx-small; border: silver 2px solid; padding: 5px;'><table><tr><td style='width:85px;'>Validation</td><td>:</td><td id='message'>Expected Value is: [Charge], Actual Value for - TYPE is: [Charge], VALIDATION : [SUCCESSFUL]</td></tr></table></div><br/><br/>
<div id='messageValidation' style='background-color: silver; color: black; font-size: xx-small; border: silver 2px solid; padding: 5px;'><table><tr><td style='width:85px;'>Validation</td><td>:</td><td id='message'>Expected Value is: [0], Actual Value for - ADJUSTMENT_AMT is: [0], VALIDATION : [SUCCESSFUL]</td></tr></table></div><br/><br/>
<div id='messageValidation' style='background-color: silver; color: black; font-size: xx-small; border: silver 2px solid; padding: 5px;'><table><tr><td style='width:85px;'>Validation</td><td>:</td><td id='message'>Expected Value is: [PHCMSC], Actual Value for - BILLING CODE is: [PHCMSC], VALIDATION : [SUCCESSFUL]</td></tr></table></div><br/><br/>
<div id='messageValidation' style='background-color: silver; color: black; font-size: xx-small; border: silver 2px solid; padding: 5px;'><table><tr><td style='width:85px;'>Validation</td><td>:</td><td id='message'>Expected Value is: [APHCMS], Actual Value for - BILLING REVERSAL CODE is: [APHCMS], VALIDATION : [SUCCESSFUL]</td></tr></table></div><br/><br/>
<div id='messageValidation' style='background-color: silver; color: black; font-size: xx-small; border: silver 2px solid; padding: 5px;'><table><tr><td style='width:85px;'>Validation</td><td>:</td><td id='message'>Expected Value is: [HWSMSC], Actual Value for - TYPE CODE is: [HWSMSC], VALIDATION : [SUCCESSFUL]</td></tr></table></div><br/><br/>
<div id='messageValidation' style='background-color: silver; color: black; font-size: xx-small; border: silver 2px solid; padding: 5px;'><table><tr><td style='width:85px;'>Validation</td><td>:</td><td id='message'>Expected Value is: [-230], Actual Value From DB Column - AMOUNT is: [-230], VALIDATION : [SUCCESSFUL]</td></tr></table></div><br/><br/>
<div id='messageValidation' style='background-color: silver; color: black; font-size: xx-small; border: silver 2px solid; padding: 5px;'><table><tr><td style='width:85px;'>Validation</td><td>:</td><td id='message'>Expected Value is: [-230], Actual Value From DB Column - AMOUNT is: [-230], VALIDATION : [SUCCESSFUL]</td></tr></table></div><br/><br/>
<div id='messageValidation' style='background-color: silver; color: black; font-size: xx-small; border: silver 2px solid; padding: 5px;'><table><tr><td style='width:85px;'>Validation</td><td>:</td><td id='message'>---Consequence Item No =2 : TAB</td></tr></table></div><br/><br/>
<div id='messageValidation' style='background-color: silver; color: black; font-size: xx-small; border: silver 2px solid; padding: 5px;'><table><tr><td style='width:85px;'>Validation</td><td>:</td><td id='message'>Expected Value is: [Charge], Actual Value for - TYPE is: [Charge], VALIDATION : [SUCCESSFUL]</td></tr></table></div><br/><br/>
<div id='messageValidation' style='background-color: silver; color: black; font-size: xx-small; border: silver 2px solid; padding: 5px;'><table><tr><td style='width:85px;'>Validation</td><td>:</td><td id='message'>Expected Value is: [0], Actual Value for - ADJUSTMENT_AMT is: [0], VALIDATION : [SUCCESSFUL]</td></tr></table></div><br/><br/>
<div id='messageValidation' style='background-color: silver; color: black; font-size: xx-small; border: silver 2px solid; padding: 5px;'><table><tr><td style='width:85px;'>Validation</td><td>:</td><td id='message'>Expected Value is: [TABMSC], Actual Value for - BILLING CODE is: [TABMSC], VALIDATION : [SUCCESSFUL]</td></tr></table></div><br/><br/>
<div id='messageValidation' style='background-color: silver; color: black; font-size: xx-small; border: silver 2px solid; padding: 5px;'><table><tr><td style='width:85px;'>Validation</td><td>:</td><td id='message'>Expected Value is: [ATABMS], Actual Value for - BILLING REVERSAL CODE is: [ATABMS], VALIDATION : [SUCCESSFUL]</td></tr></table></div><br/><br/>
<div id='messageValidation' style='background-color: silver; color: black; font-size: xx-small; border: silver 2px solid; padding: 5px;'><table><tr><td style='width:85px;'>Validation</td><td>:</td><td id='message'>Expected Value is: [TABMSC], Actual Value for - TYPE CODE is: [TABMSC], VALIDATION : [SUCCESSFUL]</td></tr></table></div><br/><br/>
<div id='messageValidation' style='background-color: silver; color: black; font-size: xx-small; border: silver 2px solid; padding: 5px;'><table><tr><td style='width:85px;'>Validation</td><td>:</td><td id='message'>Expected Value is: [-240], Actual Value From DB Column - AMOUNT is: [-240], VALIDATION : [SUCCESSFUL]</td></tr></table></div><br/><br/>
<div id='messageValidation' style='background-color: silver; color: black; font-size: xx-small; border: silver 2px solid; padding: 5px;'><table><tr><td style='width:85px;'>Validation</td><td>:</td><td id='message'>--------------------DB Validation Completed--------------------</td></tr></table></div><br/><br/>
<div id='messageValidation' style='background-color: silver; color: black; font-size: xx-small; border: silver 2px solid; padding: 5px;'><table><tr><td style='width:85px;'>Validation</td><td>:</td><td id='message'>TestListener.onTestSuccess</td></tr></table></div><br/><br/>
<div id='messageValidation' style='background-color: silver; color: black; font-size: xx-small; border: silver 2px solid; padding: 5px;'><table><tr><td style='width:85px;'>Validation</td><td>:</td><td id='message'>JIRA - Skipping Jira Update as Toggle it's false</td></tr></table></div><br/><br/>]]>
  </system-out>
</testsuite> <!-- com.telus.rcms.tests.getChangeServCommitmentPenalty.TC01_Koodo_TAB_HWS_MSC_Broken -->
