<?xml version="1.0" encoding="UTF-8"?>
<!-- Generated by org.testng.reporters.JUnitReportReporter -->
<testsuite skipped="0" hostname="BA-000289023" name="com.telus.rcms.tests.FutureActivation.TC07_Telus_TAB_HWS_DB_DF_BIB" tests="1" failures="0" timestamp="2022-09-27T12:13:19 IST" time="13.868" errors="0">
  <testcase name="testMethod_activation" time="13.868" classname="com.telus.rcms.tests.FutureActivation.TC07_Telus_TAB_HWS_DB_DF_BIB"/>
  <system-out>
    <![CDATA[<div id='messageValidation' style='background-color: silver; color: black; font-size: xx-small; border: silver 2px solid; padding: 5px;'><table><tr><td style='width:85px;'>Validation</td><td>:</td><td id='message'>TestListener.createNewTestReport</td></tr></table></div><br/><br/>
<div id='messageValidation' style='background-color: silver; color: black; font-size: xx-small; border: silver 2px solid; padding: 5px;'><table><tr><td style='width:85px;'>Validation</td><td>:</td><td id='message'>GROUP_REPORT tag property :  true</td></tr></table></div><br/><br/>
<div id='messageValidation' style='background-color: silver; color: black; font-size: xx-small; border: silver 2px solid; padding: 5px;'><table><tr><td style='width:85px;'>Validation</td><td>:</td><td id='message'>TestListener.onTestStart</td></tr></table></div><br/><br/>
<div id='messageValidation' style='background-color: silver; color: black; font-size: xx-small; border: silver 2px solid; padding: 5px;'><table><tr><td style='width:85px;'>Validation</td><td>:</td><td id='message'>Automation Configuration - Environment Configured for Automation Execution [PT168]</td></tr></table></div><br/><br/>
<div id='messageValidation' style='background-color: silver; color: black; font-size: xx-small; border: silver 2px solid; padding: 5px;'><table><tr><td style='width:85px;'>Validation</td><td>:</td><td id='message'>Test Case Name : [TC07_Telus_TAB_HWS_DB_DF_BIB]</td></tr></table></div><br/><br/>
<div id='messageValidation' style='background-color: silver; color: black; font-size: xx-small; border: silver 2px solid; padding: 5px;'><table><tr><td style='width:85px;'>Validation</td><td>:</td><td id='message'>Test Case Description : [The purpose of this test case is to verify "TC07_Telus_TAB_HWS_DB_DF_BIB" workflow]</td></tr></table></div><br/><br/>
<div id='messageValidation' style='background-color: silver; color: black; font-size: xx-small; border: silver 2px solid; padding: 5px;'><table><tr><td style='width:85px;'>Validation</td><td>:</td><td id='message'>Request Payload Path : [C:\Users\durairaj.lnu\Documents\GitHub\Phase1\Automation-TestAuto-OE-PS-RCMS-API\src\test\resources\testSpecs\RCMS\FutureActivation\TC07_Telus_TAB_HWS_DB_DF_BIB.json]</td></tr></table></div><br/><br/>
<div id='messageValidation' style='background-color: silver; color: black; font-size: xx-small; border: silver 2px solid; padding: 5px;'><table><tr><td style='width:85px;'>Validation</td><td>:</td><td id='message'>STEP ===== > OAuth2 API Call</td></tr></table></div><br/><br/>
<div id='messageValidation' style='background-color: silver; color: black; font-size: xx-small; border: silver 2px solid; padding: 5px;'><table><tr><td style='width:85px;'>Validation</td><td>:</td><td id='message'>API Operation status: 200</td></tr></table></div><br/><br/>
<div id='messageValidation' style='background-color: silver; color: black; font-size: xx-small; border: silver 2px solid; padding: 5px;'><table><tr><td style='width:85px;'>Validation</td><td>:</td><td id='message'>ACCESS_TOKEN: eyJhbGciOiJSUzI1NiIsImtpZCI6ImNhZGZhMTYyLTU2YzEtNGRiOS1hNjNmLTYwZTM3NzIwMWJkZiIsInBpLmF0bSI6IjMifQ.eyJzY29wZSI6WyIyMzUiLCIyMzMiLCIxMjUiLCI5OTIiXSwiY2xpZW50X2lkIjoiODM5ZDQ5MmEtMWQ3NC00Yjc5LThhMjgtNjJiM2EyZWE4YmZiIiwiaXNzIjoiaHR0cHM6Ly90ZWFtc3NvLWl0czA0LnRlbHVzLmNvbSIsImF1ZCI6ImtvbmciLCJpYXQiOjE2NjQyNTkyMTAsImV4cCI6MTY2NDI1OTUxMH0.SQcb_CygYTiaFXKXIWqPDxNRSGfskF-QcPamSSkvGb6HKPqKZT1d_RYs4jZr79bMcv4EdBjaSAUa4ix1eKxvhcWbEOIUgiCTY8Tp_ZqObqDgQJnz0C2p6jv03GBwVpD7fDajlQr3aSxO1JoQa2iWRAWzVfSqvXXa1jx3QtQvg30WkPnWRKckkBz4SYWLfqs3AZDLL_eyPAQs5Ml78g92tGl1GS-EO9OrdyY8H4tMiVtx5RQuWmWzkFOAWpQM6julAXY1C6my2lsAELwTZpk0D3WV5aFNoPK9blWm9UlM6GcydY4jZTmytFA1jThEZ9Y-jx-qYrJtVd1xsxMp3R1IZA</td></tr></table></div><br/><br/>
<div id='messageValidation' style='background-color: silver; color: black; font-size: xx-small; border: silver 2px solid; padding: 5px;'><table><tr><td style='width:85px;'>Validation</td><td>:</td><td id='message'>API Test Env is : [it01]</td></tr></table></div><br/><br/>
<div id='messageValidation' style='background-color: silver; color: black; font-size: xx-small; border: silver 2px solid; padding: 5px;'><table><tr><td style='width:85px;'>Validation</td><td>:</td><td id='message'>------------DB connected successfully------------</td></tr></table></div><br/><br/>
<div id='messageValidation' style='background-color: silver; color: black; font-size: xx-small; border: silver 2px solid; padding: 5px;'><table><tr><td style='width:85px;'>Validation</td><td>:</td><td id='message'>Auto-Generated BAN : [70917632]</td></tr></table></div><br/><br/>
<div id='messageValidation' style='background-color: silver; color: black; font-size: xx-small; border: silver 2px solid; padding: 5px;'><table><tr><td style='width:85px;'>Validation</td><td>:</td><td id='message'>Auto-Generated SUBSCRIPTION_ID : [8503447]</td></tr></table></div><br/><br/>
<div id='messageValidation' style='background-color: silver; color: black; font-size: xx-small; border: silver 2px solid; padding: 5px;'><table><tr><td style='width:85px;'>Validation</td><td>:</td><td id='message'>Auto-Generated SUBSCRIPTION_NUMBER : [4162357714]</td></tr></table></div><br/><br/>
<div id='messageValidation' style='background-color: silver; color: black; font-size: xx-small; border: silver 2px solid; padding: 5px;'><table><tr><td style='width:85px;'>Validation</td><td>:</td><td id='message'>API Operation status: 200</td></tr></table></div><br/><br/>
<div id='messageValidation' style='background-color: silver; color: black; font-size: xx-small; border: silver 2px solid; padding: 5px;'><table><tr><td style='width:85px;'>Validation</td><td>:</td><td id='message'>API Operation Request: {agreementDuration={endDateTime=null, startDateTime=2022-10-27T00:00:00-0500, quantity={amount=24, units=MONTH}}, agreementItem=[{"id":"","itemDuration":{"endDateTime":null,"startDateTime":"2022-10-27T00:00:00-0500","quantity":{"amount":24,"units":"MONTH"}},"itemType":"HARDWARE","incentiveAmount":240,"installment":{"characteristic":[{"name":"INSTALLMENTS_LEFT_NUM","value":"24"},{"name":"INSTALLMENTS_APPLIED_NUM","value":"0"},{"name":"INSTALLMENTS_APPLIED_AMT","value":"0.0"}]},"termOrCondition":{"characteristic":[{"name":"MIN_RATE_PLAN_VALUE_AMT","value":"0.0"},{"name":"MIN_FEATURE_VALUE_AMT","value":"0.0"},{"name":"MIN_COMBINED_VALUE_AMT","value":"80.0"}]},"tax":{"taxPaymentMethodCode":"CA","taxPaymentMechanismCode":"TILL","taxPaymentChannelCode":"RTL","taxProvinceCode":"ON","taxRate":[{"taxCategory":"HST","taxRate":13,"taxAmount":{"value":14.59,"unit":"CAD"}},{"taxCategory":"GST","taxRate":14,"taxAmount":{"value":15,"unit":"CAD"}},{"taxCategory":"PST","taxRate":16,"taxAmount":{"value":17.45,"unit":"CAD"}}]},"product":[{"productSerialNumber":"900937479125913","productSpecification":{"id":"HAPPLEI4S32GBB","categoryCode":"SMARTPHONE","description":[{"locale":"EN_CA","description":"APPLE IPHONE 4S 32GB BLACK"},{"locale":"FR_CA","description":"APPLE IPHONE 4S 32GB BLACK"}],"typeCode":"DEVICE_TYPE"},"productPrice":{"price":{"dutyFreeAmount":{"value":1300,"unit":"CAD"}}},"productCharacteristic":[{"name":"USIM_ID","value":"8912239900003505056"}]}],"promotion":[{"id":"23456","perspectiveDate":"2022-10-27T00:00:00-0500"}],"productOffering":{"id":"1013546","characteristic":[{"name":"REDEEMED_OFFER_CONTEXT_CODE","value":"AOM"},{"name":"OFFER_TIER_CD","value":"1234"},{"name":"OFFER_TIER_CAP_AMT","value":"1500.0"},{"name":"DATA_COMMITMENT_IND","value":"false"},{"name":"CONTRACT_ENFORCED_PLAN_IND","value":"false"}],"perspectiveDate":"2022-10-27T00:00:00-0500","sourceSystemId":"15373"}},{"id":"","itemDuration":{"endDateTime":null,"startDateTime":"2022-10-27T00:00:00-0500","quantity":{"amount":24,"units":"MONTH"}},"itemType":"FINANCE","incentiveAmount":240,"installment":{"installmentDuration":{"endDateTime":null,"startDateTime":"2022-10-27T00:00:00-0500","quantity":{"amount":24,"units":"MONTH"}},"characteristic":[{"name":"INSTALLMENTS_LEFT_NUM","value":"24"},{"name":"INSTALLMENTS_APPLIED_NUM","value":"0"},{"name":"INSTALLMENTS_APPLIED_AMT","value":"0.0"}]},"termOrCondition":{"characteristic":[{"name":"MIN_RATE_PLAN_VALUE_AMT","value":"0.0"},{"name":"MIN_FEATURE_VALUE_AMT","value":"0.0"},{"name":"MIN_COMBINED_VALUE_AMT","value":"80.0"}]},"tax":{"taxPaymentMethodCode":"CA","taxPaymentMechanismCode":"TILL","taxPaymentChannelCode":"RTL","taxProvinceCode":"ON","taxRate":[{"taxCategory":"HST","taxRate":13,"taxAmount":{"value":14.59,"unit":"CAD"}},{"taxCategory":"GST","taxRate":14,"taxAmount":{"value":15,"unit":"CAD"}},{"taxCategory":"PST","taxRate":16,"taxAmount":{"value":17.45,"unit":"CAD"}}]},"product":[{"productSerialNumber":"900937479125913","productSpecification":{"id":"HAPPLEI4S32GBB","categoryCode":"SMARTPHONE","description":[{"locale":"EN_CA","description":"APPLE IPHONE 4S 32GB BLACK"},{"locale":"FR_CA","description":"APPLE IPHONE 4S 32GB BLACK"}],"typeCode":"DEVICE_TYPE"},"productPrice":{"price":{"dutyFreeAmount":{"value":1300,"unit":"CAD"}}},"productCharacteristic":[{"name":"USIM_ID","value":"8912239900003505056"}]}],"promotion":[{"id":"23456","perspectiveDate":"2022-10-27T00:00:00-0500"}],"productOffering":{"id":"1013546","characteristic":[{"name":"REDEEMED_OFFER_CONTEXT_CODE","value":"AOM"},{"name":"OFFER_TIER_CD","value":"1234"},{"name":"OFFER_TIER_CAP_AMT","value":"1500.0"},{"name":"DATA_COMMITMENT_IND","value":"false"},{"name":"CONTRACT_ENFORCED_PLAN_IND","value":"false"}],"perspectiveDate":"2022-10-27T00:00:00-0500","sourceSystemId":"15373"}},{"id":"","itemDuration":{"endDateTime":null,"startDateTime":"2022-10-27T00:00:00-0500","quantity":{"amount":24,"units":"MONTH"}},"itemType":"BIB","incentiveAmount":300,"installment":{"installmentDuration":{"endDateTime":null,"startDateTime":"2022-10-27T00:00:00-0500","quantity":{"amount":24,"units":"MONTH"}},"characteristic":[{"name":"INSTALLMENTS_LEFT_NUM","value":"1"},{"name":"INSTALLMENTS_APPLIED_NUM","value":"0"},{"name":"INSTALLMENTS_APPLIED_AMT","value":"0.0"}]},"termOrCondition":{"characteristic":[{"name":"MIN_RATE_PLAN_VALUE_AMT","value":"0.0"},{"name":"MIN_FEATURE_VALUE_AMT","value":"0.0"},{"name":"MIN_COMBINED_VALUE_AMT","value":"80.0"}]},"tax":{"taxPaymentMethodCode":"CA","taxPaymentMechanismCode":"TILL","taxPaymentChannelCode":"RTL","taxProvinceCode":"ON","taxRate":[{"taxCategory":"HST","taxRate":13,"taxAmount":{"value":14.59,"unit":"CAD"}},{"taxCategory":"GST","taxRate":14,"taxAmount":{"value":15,"unit":"CAD"}},{"taxCategory":"PST","taxRate":16,"taxAmount":{"value":17.45,"unit":"CAD"}}]},"product":[{"productSerialNumber":"900937479125913","productSpecification":{"id":"HAPPLEI4S32GBB","categoryCode":"SMARTPHONE","description":[{"locale":"EN_CA","description":"APPLE IPHONE 4S 32GB BLACK"},{"locale":"FR_CA","description":"APPLE IPHONE 4S 32GB BLACK"}],"typeCode":"DEVICE_TYPE"},"productPrice":{"price":{"dutyFreeAmount":{"value":1300,"unit":"CAD"}}},"productCharacteristic":[{"name":"USIM_ID","value":"8912239900003505056"}]}],"promotion":[{"id":"23456","perspectiveDate":"2022-10-27T00:00:00-0500"}],"productOffering":{"id":"1013546","characteristic":[{"name":"REDEEMED_OFFER_CONTEXT_CODE","value":"AOM"},{"name":"OFFER_TIER_CD","value":"1234"},{"name":"OFFER_TIER_CAP_AMT","value":"1500.0"},{"name":"DATA_COMMITMENT_IND","value":"false"},{"name":"CONTRACT_ENFORCED_PLAN_IND","value":"false"}],"perspectiveDate":"2022-10-27T00:00:00-0500","sourceSystemId":"15373"}},{"id":"","itemDuration":{"endDateTime":null,"startDateTime":"2022-10-27T00:00:00-0500","quantity":{"amount":24,"units":"MONTH"}},"itemType":"TAB","incentiveAmount":240,"installment":{"installmentDuration":{"endDateTime":null,"startDateTime":"2022-10-27T00:00:00-0500","quantity":{"amount":24,"units":"MONTH"}},"characteristic":[{"name":"INSTALLMENTS_LEFT_NUM","value":"24"},{"name":"INSTALLMENTS_APPLIED_NUM","value":"0"},{"name":"INSTALLMENTS_APPLIED_AMT","value":"0.0"}]},"termOrCondition":{"characteristic":[{"name":"MIN_RATE_PLAN_VALUE_AMT","value":"0.0"},{"name":"MIN_FEATURE_VALUE_AMT","value":"0.0"},{"name":"MIN_COMBINED_VALUE_AMT","value":"80.0"}]},"tax":{"taxPaymentMethodCode":"CA","taxPaymentMechanismCode":"TILL","taxPaymentChannelCode":"RTL","taxProvinceCode":"ON","taxRate":[{"taxCategory":"HST","taxRate":13,"taxAmount":{"value":14.59,"unit":"CAD"}},{"taxCategory":"GST","taxRate":14,"taxAmount":{"value":15,"unit":"CAD"}},{"taxCategory":"PST","taxRate":16,"taxAmount":{"value":17.45,"unit":"CAD"}}]},"product":[{"productSerialNumber":"900937479125913","productSpecification":{"id":"HAPPLEI4S32GBB","categoryCode":"SMARTPHONE","description":[{"locale":"EN_CA","description":"APPLE IPHONE 4S 32GB BLACK"},{"locale":"FR_CA","description":"APPLE IPHONE 4S 32GB BLACK"}],"typeCode":"DEVICE_TYPE"},"productPrice":{"price":{"dutyFreeAmount":{"value":1300,"unit":"CAD"}}},"productCharacteristic":[{"name":"USIM_ID","value":"8912239900003505056"}]}],"promotion":[{"id":"23456","perspectiveDate":"2022-10-27T00:00:00-0500"}],"productOffering":{"id":"1013546","characteristic":[{"name":"REDEEMED_OFFER_CONTEXT_CODE","value":"AOM"},{"name":"OFFER_TIER_CD","value":"1234"},{"name":"OFFER_TIER_CAP_AMT","value":"1500.0"},{"name":"DATA_COMMITMENT_IND","value":"false"},{"name":"CONTRACT_ENFORCED_PLAN_IND","value":"false"}],"perspectiveDate":"2022-10-27T00:00:00-0500","sourceSystemId":"15373"}},{"id":"","itemDuration":{"endDateTime":null,"startDateTime":"2022-10-27T00:00:00-0500","quantity":{"amount":24,"units":"MONTH"}},"itemType":"HWS","incentiveAmount":240,"installment":{"characteristic":[{"name":"INSTALLMENTS_LEFT_NUM","value":"24"},{"name":"INSTALLMENTS_APPLIED_NUM","value":"0"},{"name":"INSTALLMENTS_APPLIED_AMT","value":"0.0"}]},"termOrCondition":{"characteristic":[{"name":"MIN_RATE_PLAN_VALUE_AMT","value":"0.0"},{"name":"MIN_FEATURE_VALUE_AMT","value":"0.0"},{"name":"MIN_COMBINED_VALUE_AMT","value":"80.0"}]},"tax":{"taxPaymentMethodCode":"CA","taxPaymentMechanismCode":"TILL","taxPaymentChannelCode":"RTL","taxProvinceCode":"ON","taxRate":[{"taxCategory":"HST","taxRate":13,"taxAmount":{"value":14.59,"unit":"CAD"}},{"taxCategory":"GST","taxRate":14,"taxAmount":{"value":15,"unit":"CAD"}},{"taxCategory":"PST","taxRate":16,"taxAmount":{"value":17.45,"unit":"CAD"}}]},"product":[{"productSerialNumber":"900937479125913","productSpecification":{"id":"HAPPLEI4S32GBB","categoryCode":"SMARTPHONE","description":[{"locale":"EN_CA","description":"APPLE IPHONE 4S 32GB BLACK"},{"locale":"FR_CA","description":"APPLE IPHONE 4S 32GB BLACK"}],"typeCode":"DEVICE_TYPE"},"productPrice":{"price":{"dutyFreeAmount":{"value":1300,"unit":"CAD"}}},"productCharacteristic":[{"name":"USIM_ID","value":"8912239900003505056"}]}],"promotion":[{"id":"23456","perspectiveDate":"2022-10-27T00:00:00-0500"}],"productOffering":{"id":"1013546","characteristic":[{"name":"REDEEMED_OFFER_CONTEXT_CODE","value":"AOM"},{"name":"OFFER_TIER_CD","value":"1234"},{"name":"OFFER_TIER_CAP_AMT","value":"1500.0"},{"name":"DATA_COMMITMENT_IND","value":"false"},{"name":"CONTRACT_ENFORCED_PLAN_IND","value":"false"}],"perspectiveDate":"2022-10-27T00:00:00-0500","sourceSystemId":"15373"}}], relatedParty=[{"id":"70917632","role":"ACCOUNT","characteristic":[{"name":"BRAND_ID","value":"1"},{"name":"ACCOUNT_TYPE_CODE","value":"C"},{"name":"ACCOUNT_SUB_TYPE_CODE","value":"Q"}]},{"id":12373,"role":"ORIGINATOR","characteristic":[{"name":"TRANSACTION_ID","value":"877344"},{"name":"CHNL_ORG_ID","value":"10122167"},{"name":"SALES_REP_ID","value":"5335"}]},{"id":"8503447","role":"Subscription","characteristic":[{"name":"MARKET_PROVINCE","value":"ON"},{"name":"HOME_PROVINCE_CODE","value":"ON"},{"name":"SUBSCRIBER_NUMBER","value":"4162357714"},{"name":"COMBO_RATE_PLAN_IND","value":"true"}]}]}</td></tr></table></div><br/><br/>
<div id='messageValidation' style='background-color: silver; color: black; font-size: xx-small; border: silver 2px solid; padding: 5px;'><table><tr><td style='width:85px;'>Validation</td><td>:</td><td id='message'>Pretty Payload: {
   "agreementDuration": {
      "endDateTime": null,
      "startDateTime": 2022-10-27T00:00:00-0500,
      "quantity": {
         "amount": 24,
         "units": "MONTH"
      }
   },
   "agreementItem": [
      {
         "id": "",
         "itemDuration": {
            "endDateTime": null,
            "startDateTime": 2022-10-27T00:00:00-0500,
            "quantity": {
               "amount": 24,
               "units": "MONTH"
            }
         },
         "itemType": "HARDWARE",
         "incentiveAmount": 240,
         "installment": {
            "characteristic": [
               {
                  "name": "INSTALLMENTS_LEFT_NUM",
                  "value": "24"
               },
               {
                  "name": "INSTALLMENTS_APPLIED_NUM",
                  "value": "0"
               },
               {
                  "name": "INSTALLMENTS_APPLIED_AMT",
                  "value": "0.0"
               }
            ]
         },
         "termOrCondition": {
            "characteristic": [
               {
                  "name": "MIN_RATE_PLAN_VALUE_AMT",
                  "value": "0.0"
               },
               {
                  "name": "MIN_FEATURE_VALUE_AMT",
                  "value": "0.0"
               },
               {
                  "name": "MIN_COMBINED_VALUE_AMT",
                  "value": "80.0"
               }
            ]
         },
         "tax": {
            "taxPaymentMethodCode": "CA",
            "taxPaymentMechanismCode": "TILL",
            "taxPaymentChannelCode": "RTL",
            "taxProvinceCode": "ON",
            "taxRate": [
               {
                  "taxCategory": "HST",
                  "taxRate": 13,
                  "taxAmount": {
                     "value": 14.59,
                     "unit": "CAD"
                  }
               },
               {
                  "taxCategory": "GST",
                  "taxRate": 14,
                  "taxAmount": {
                     "value": 15,
                     "unit": "CAD"
                  }
               },
               {
                  "taxCategory": "PST",
                  "taxRate": 16,
                  "taxAmount": {
                     "value": 17.45,
                     "unit": "CAD"
                  }
               }
            ]
         },
         "product": [
            {
               "productSerialNumber": "900937479125913",
               "productSpecification": {
                  "id": "HAPPLEI4S32GBB",
                  "categoryCode": "SMARTPHONE",
                  "description": [
                     {
                        "locale": "EN_CA",
                        "description": "APPLE IPHONE 4S 32GB BLACK"
                     },
                     {
                        "locale": "FR_CA",
                        "description": "APPLE IPHONE 4S 32GB BLACK"
                     }
                  ],
                  "typeCode": "DEVICE_TYPE"
               },
               "productPrice": {
                  "price": {
                     "dutyFreeAmount": {
                        "value": 1300,
                        "unit": "CAD"
                     }
                  }
               },
               "productCharacteristic": [
                  {
                     "name": "USIM_ID",
                     "value": "8912239900003505056"
                  }
               ]
            }
         ],
         "promotion": [
            {
               "id": "23456",
               "perspectiveDate": 2022-10-27T00:00:00-0500
            }
         ],
         "productOffering": {
            "id": "1013546",
            "characteristic": [
               {
                  "name": "REDEEMED_OFFER_CONTEXT_CODE",
                  "value": "AOM"
               },
               {
                  "name": "OFFER_TIER_CD",
                  "value": "1234"
               },
               {
                  "name": "OFFER_TIER_CAP_AMT",
                  "value": "1500.0"
               },
               {
                  "name": "DATA_COMMITMENT_IND",
                  "value": "false"
               },
               {
                  "name": "CONTRACT_ENFORCED_PLAN_IND",
                  "value": "false"
               }
            ],
            "perspectiveDate": 2022-10-27T00:00:00-0500,
            "sourceSystemId": "15373"
         }
      },
      {
         "id": "",
         "itemDuration": {
            "endDateTime": null,
            "startDateTime": 2022-10-27T00:00:00-0500,
            "quantity": {
               "amount": 24,
               "units": "MONTH"
            }
         },
         "itemType": "FINANCE",
         "incentiveAmount": 240,
         "installment": {
            "installmentDuration": {
               "endDateTime": null,
               "startDateTime": 2022-10-27T00:00:00-0500,
               "quantity": {
                  "amount": 24,
                  "units": "MONTH"
               }
            },
            "characteristic": [
               {
                  "name": "INSTALLMENTS_LEFT_NUM",
                  "value": "24"
               },
               {
                  "name": "INSTALLMENTS_APPLIED_NUM",
                  "value": "0"
               },
               {
                  "name": "INSTALLMENTS_APPLIED_AMT",
                  "value": "0.0"
               }
            ]
         },
         "termOrCondition": {
            "characteristic": [
               {
                  "name": "MIN_RATE_PLAN_VALUE_AMT",
                  "value": "0.0"
               },
               {
                  "name": "MIN_FEATURE_VALUE_AMT",
                  "value": "0.0"
               },
               {
                  "name": "MIN_COMBINED_VALUE_AMT",
                  "value": "80.0"
               }
            ]
         },
    "tax": {
            "taxPaymentMethodCode": "CA",
            "taxPaymentMechanismCode": "TILL",
            "taxPaymentChannelCode": "RTL",
            "taxProvinceCode": "ON",
            "taxRate": [
               {
                  "taxCategory": "HST",
                  "taxRate": 13,
                  "taxAmount": {
                     "value": 14.59,
                     "unit": "CAD"
                  }
               },
               {
                  "taxCategory": "GST",
                  "taxRate": 14,
                  "taxAmount": {
                     "value": 15,
                     "unit": "CAD"
                  }
               },
               {
                  "taxCategory": "PST",
                  "taxRate": 16,
                  "taxAmount": {
                     "value": 17.45,
                     "unit": "CAD"
                  }
               }
            ]
         },
         "product": [
            {
               "productSerialNumber": "900937479125913",
               "productSpecification": {
                  "id": "HAPPLEI4S32GBB",
                  "categoryCode": "SMARTPHONE",
                  "description": [
                     {
                        "locale": "EN_CA",
                        "description": "APPLE IPHONE 4S 32GB BLACK"
                     },
                     {
                        "locale": "FR_CA",
                        "description": "APPLE IPHONE 4S 32GB BLACK"
                     }
                  ],
                  "typeCode": "DEVICE_TYPE"
               },
               "productPrice": {
                  "price": {
                     "dutyFreeAmount": {
                        "value": 1300,
                        "unit": "CAD"
                     }
                  }
               },
               "productCharacteristic": [
                  {
                     "name": "USIM_ID",
                     "value": "8912239900003505056"
                  }
               ]
            }
         ],
         "promotion": [
            {
               "id": "23456",
               "perspectiveDate": 2022-10-27T00:00:00-0500
            }
         ],
         "productOffering": {
            "id": "1013546",
            "characteristic": [
               {
                  "name": "REDEEMED_OFFER_CONTEXT_CODE",
                  "value": "AOM"
               },
               {
                  "name": "OFFER_TIER_CD",
                  "value": "1234"
               },
               {
                  "name": "OFFER_TIER_CAP_AMT",
                  "value": "1500.0"
               },
               {
                  "name": "DATA_COMMITMENT_IND",
                  "value": "false"
               },
               {
                  "name": "CONTRACT_ENFORCED_PLAN_IND",
                  "value": "false"
               }
            ],
            "perspectiveDate": 2022-10-27T00:00:00-0500,
            "sourceSystemId": "15373"
         }
      },
  {
         "id": "",
         "itemDuration": {
            "endDateTime": null,
            "startDateTime": 2022-10-27T00:00:00-0500,
            "quantity": {
               "amount": 24,
               "units": "MONTH"
            }
         },
         "itemType": "BIB",
         "incentiveAmount": 300,
         "installment": {
            "installmentDuration": {
               "endDateTime": null,
               "startDateTime": 2022-10-27T00:00:00-0500,
               "quantity": {
                  "amount": 24,
                  "units": "MONTH"
               }
            },
            "characteristic": [
               {
                  "name": "INSTALLMENTS_LEFT_NUM",
                  "value": "1"
               },
               {
                  "name": "INSTALLMENTS_APPLIED_NUM",
                  "value": "0"
               },
               {
                  "name": "INSTALLMENTS_APPLIED_AMT",
                  "value": "0.0"
               }
            ]
         },
         "termOrCondition": {
            "characteristic": [
               {
                  "name": "MIN_RATE_PLAN_VALUE_AMT",
                  "value": "0.0"
               },
               {
                  "name": "MIN_FEATURE_VALUE_AMT",
                  "value": "0.0"
               },
               {
                  "name": "MIN_COMBINED_VALUE_AMT",
                  "value": "80.0"
               }
            ]
         },
    "tax": {
            "taxPaymentMethodCode": "CA",
            "taxPaymentMechanismCode": "TILL",
            "taxPaymentChannelCode": "RTL",
            "taxProvinceCode": "ON",
            "taxRate": [
               {
                  "taxCategory": "HST",
                  "taxRate": 13,
                  "taxAmount": {
                     "value": 14.59,
                     "unit": "CAD"
                  }
               },
               {
                  "taxCategory": "GST",
                  "taxRate": 14,
                  "taxAmount": {
                     "value": 15,
                     "unit": "CAD"
                  }
               },
               {
                  "taxCategory": "PST",
                  "taxRate": 16,
                  "taxAmount": {
                     "value": 17.45,
                     "unit": "CAD"
                  }
               }
            ]
         },
         "product": [
            {
               "productSerialNumber": "900937479125913",
               "productSpecification": {
                  "id": "HAPPLEI4S32GBB",
                  "categoryCode": "SMARTPHONE",
                  "description": [
                     {
                        "locale": "EN_CA",
                        "description": "APPLE IPHONE 4S 32GB BLACK"
                     },
                     {
                        "locale": "FR_CA",
                        "description": "APPLE IPHONE 4S 32GB BLACK"
                     }
                  ],
                  "typeCode": "DEVICE_TYPE"
               },
               "productPrice": {
                  "price": {
                     "dutyFreeAmount": {
                        "value": 1300,
                        "unit": "CAD"
                     }
                  }
               },
               "productCharacteristic": [
                  {
                     "name": "USIM_ID",
                     "value": "8912239900003505056"
                  }
               ]
            }
         ],
         "promotion": [
            {
               "id": "23456",
               "perspectiveDate": 2022-10-27T00:00:00-0500
            }
         ],
         "productOffering": {
            "id": "1013546",
            "characteristic": [
               {
                  "name": "REDEEMED_OFFER_CONTEXT_CODE",
                  "value": "AOM"
               },
               {
                  "name": "OFFER_TIER_CD",
                  "value": "1234"
               },
               {
                  "name": "OFFER_TIER_CAP_AMT",
                  "value": "1500.0"
               },
               {
                  "name": "DATA_COMMITMENT_IND",
                  "value": "false"
               },
               {
                  "name": "CONTRACT_ENFORCED_PLAN_IND",
                  "value": "false"
               }
            ],
            "perspectiveDate": 2022-10-27T00:00:00-0500,
            "sourceSystemId": "15373"
         }
      },
  {
         "id": "",
         "itemDuration": {
            "endDateTime": null,
            "startDateTime": 2022-10-27T00:00:00-0500,
            "quantity": {
               "amount": 24,
               "units": "MONTH"
            }
         },
         "itemType": "TAB",
         "incentiveAmount": 240,
         "installment": {
            "installmentDuration": {
               "endDateTime": null,
               "startDateTime": 2022-10-27T00:00:00-0500,
               "quantity": {
                  "amount": 24,
                  "units": "MONTH"
               }
            },
            "characteristic": [
               {
                  "name": "INSTALLMENTS_LEFT_NUM",
                  "value": "24"
               },
               {
                  "name": "INSTALLMENTS_APPLIED_NUM",
                  "value": "0"
               },
               {
                  "name": "INSTALLMENTS_APPLIED_AMT",
                  "value": "0.0"
               }
            ]
         },
         "termOrCondition": {
            "characteristic": [
               {
                  "name": "MIN_RATE_PLAN_VALUE_AMT",
                  "value": "0.0"
               },
               {
                  "name": "MIN_FEATURE_VALUE_AMT",
                  "value": "0.0"
               },
               {
                  "name": "MIN_COMBINED_VALUE_AMT",
                  "value": "80.0"
               }
            ]
         },
    "tax": {
            "taxPaymentMethodCode": "CA",
            "taxPaymentMechanismCode": "TILL",
            "taxPaymentChannelCode": "RTL",
            "taxProvinceCode": "ON",
            "taxRate": [
               {
                  "taxCategory": "HST",
                  "taxRate": 13,
                  "taxAmount": {
                     "value": 14.59,
                     "unit": "CAD"
                  }
               },
               {
                  "taxCategory": "GST",
                  "taxRate": 14,
                  "taxAmount": {
                     "value": 15,
                     "unit": "CAD"
                  }
               },
               {
                  "taxCategory": "PST",
                  "taxRate": 16,
                  "taxAmount": {
                     "value": 17.45,
                     "unit": "CAD"
                  }
               }
            ]
         },
         "product": [
            {
               "productSerialNumber": "900937479125913",
               "productSpecification": {
                  "id": "HAPPLEI4S32GBB",
                  "categoryCode": "SMARTPHONE",
                  "description": [
                     {
                        "locale": "EN_CA",
                        "description": "APPLE IPHONE 4S 32GB BLACK"
                     },
                     {
                        "locale": "FR_CA",
                        "description": "APPLE IPHONE 4S 32GB BLACK"
                     }
                  ],
                  "typeCode": "DEVICE_TYPE"
               },
               "productPrice": {
                  "price": {
                     "dutyFreeAmount": {
                        "value": 1300,
                        "unit": "CAD"
                     }
                  }
               },
               "productCharacteristic": [
                  {
                     "name": "USIM_ID",
                     "value": "8912239900003505056"
                  }
               ]
            }
         ],
         "promotion": [
            {
               "id": "23456",
               "perspectiveDate": 2022-10-27T00:00:00-0500
            }
         ],
         "productOffering": {
            "id": "1013546",
            "characteristic": [
               {
                  "name": "REDEEMED_OFFER_CONTEXT_CODE",
                  "value": "AOM"
               },
               {
                  "name": "OFFER_TIER_CD",
                  "value": "1234"
               },
               {
                  "name": "OFFER_TIER_CAP_AMT",
                  "value": "1500.0"
               },
               {
                  "name": "DATA_COMMITMENT_IND",
                  "value": "false"
               },
               {
                  "name": "CONTRACT_ENFORCED_PLAN_IND",
                  "value": "false"
               }
            ],
            "perspectiveDate": 2022-10-27T00:00:00-0500,
            "sourceSystemId": "15373"
         }
      },
  {
         "id": "",
         "itemDuration": {
            "endDateTime": null,
            "startDateTime": 2022-10-27T00:00:00-0500,
            "quantity": {
               "amount": 24,
               "units": "MONTH"
            }
         },
         "itemType": "HWS",
         "incentiveAmount": 240,
         "installment": {
            "characteristic": [
               {
                  "name": "INSTALLMENTS_LEFT_NUM",
                  "value": "24"
               },
               {
                  "name": "INSTALLMENTS_APPLIED_NUM",
                  "value": "0"
               },
               {
                  "name": "INSTALLMENTS_APPLIED_AMT",
                  "value": "0.0"
               }
            ]
         },
         "termOrCondition": {
            "characteristic": [
               {
                  "name": "MIN_RATE_PLAN_VALUE_AMT",
                  "value": "0.0"
               },
               {
                  "name": "MIN_FEATURE_VALUE_AMT",
                  "value": "0.0"
               },
               {
                  "name": "MIN_COMBINED_VALUE_AMT",
                  "value": "80.0"
               }
            ]
         },
         "tax": {
            "taxPaymentMethodCode": "CA",
            "taxPaymentMechanismCode": "TILL",
            "taxPaymentChannelCode": "RTL",
            "taxProvinceCode": "ON",
            "taxRate": [
               {
                  "taxCategory": "HST",
                  "taxRate": 13,
                  "taxAmount": {
                     "value": 14.59,
                     "unit": "CAD"
                  }
               },
               {
                  "taxCategory": "GST",
                  "taxRate": 14,
                  "taxAmount": {
                     "value": 15,
                     "unit": "CAD"
                  }
               },
               {
                  "taxCategory": "PST",
                  "taxRate": 16,
                  "taxAmount": {
                     "value": 17.45,
                     "unit": "CAD"
                  }
               }
            ]
         },
         "product": [
            {
               "productSerialNumber": "900937479125913",
               "productSpecification": {
                  "id": "HAPPLEI4S32GBB",
                  "categoryCode": "SMARTPHONE",
                  "description": [
                     {
                        "locale": "EN_CA",
                        "description": "APPLE IPHONE 4S 32GB BLACK"
                     },
                     {
                        "locale": "FR_CA",
                        "description": "APPLE IPHONE 4S 32GB BLACK"
                     }
                  ],
                  "typeCode": "DEVICE_TYPE"
               },
               "productPrice": {
                  "price": {
                     "dutyFreeAmount": {
                        "value": 1300,
                        "unit": "CAD"
                     }
                  }
               },
               "productCharacteristic": [
                  {
                     "name": "USIM_ID",
                     "value": "8912239900003505056"
                  }
               ]
            }
         ],
         "promotion": [
            {
               "id": "23456",
               "perspectiveDate": 2022-10-27T00:00:00-0500
            }
         ],
         "productOffering": {
            "id": "1013546",
            "characteristic": [
               {
                  "name": "REDEEMED_OFFER_CONTEXT_CODE",
                  "value": "AOM"
               },
               {
                  "name": "OFFER_TIER_CD",
                  "value": "1234"
               },
               {
                  "name": "OFFER_TIER_CAP_AMT",
                  "value": "1500.0"
               },
               {
                  "name": "DATA_COMMITMENT_IND",
                  "value": "false"
               },
               {
                  "name": "CONTRACT_ENFORCED_PLAN_IND",
                  "value": "false"
               }
            ],
            "perspectiveDate": 2022-10-27T00:00:00-0500,
            "sourceSystemId": "15373"
         }
      }
   ],
   "relatedParty": [
      {
         "id": 70917632,
         "role": "ACCOUNT",
         "characteristic": [
            {
               "name": "BRAND_ID",
               "value": "1"
            },
            {
               "name": "ACCOUNT_TYPE_CODE",
               "value": "C"
            },
            {
               "name": "ACCOUNT_SUB_TYPE_CODE",
               "value": "Q"
            }
         ]
      },
      {
         "id": 12373,
         "role": "ORIGINATOR",
         "characteristic": [
            {
               "name": "TRANSACTION_ID",
               "value": "877344"
            },
            {
               "name": "CHNL_ORG_ID",
               "value": "10122167"
            },
            {
               "name": "SALES_REP_ID",
               "value": "5335"
            }
         ]
      },
      {
         "id": 8503447,
         "role": "Subscription",
         "characteristic": [
            {
               "name": "MARKET_PROVINCE",
               "value": "ON"
            },
            {
               "name": "HOME_PROVINCE_CODE",
               "value": "ON"
            },
            {
               "name": "SUBSCRIBER_NUMBER",
               "value": 4162357714
            },
            {
               "name": "COMBO_RATE_PLAN_IND",
               "value": "true"
            }
         ]
      }
   ]
}
</td></tr></table></div><br/><br/>
<div id='messageValidation' style='background-color: silver; color: black; font-size: xx-small; border: silver 2px solid; padding: 5px;'><table><tr><td style='width:85px;'>Validation</td><td>:</td><td id='message'>--------------------DB Validation Starts-----------------------</td></tr></table></div><br/><br/>
<div id='messageValidation' style='background-color: silver; color: black; font-size: xx-small; border: silver 2px solid; padding: 5px;'><table><tr><td style='width:85px;'>Validation</td><td>:</td><td id='message'>Customer Agreement ID : 869953</td></tr></table></div><br/><br/>
<div id='messageValidation' style='background-color: silver; color: black; font-size: xx-small; border: silver 2px solid; padding: 5px;'><table><tr><td style='width:85px;'>Validation</td><td>:</td><td id='message'>Expected Value is: [2024-10-27], Actual Value From DB Column - AGREEMENT_END_DT is: [2024-10-27], VALIDATION : [SUCCESSFUL]</td></tr></table></div><br/><br/>
<div id='messageValidation' style='background-color: silver; color: black; font-size: xx-small; border: silver 2px solid; padding: 5px;'><table><tr><td style='width:85px;'>Validation</td><td>:</td><td id='message'>Expected Value is: [2022-10-27], Actual Value From DB Column - AGREEMENT_START_DT is: [2022-10-27], VALIDATION : [SUCCESSFUL]</td></tr></table></div><br/><br/>
<div id='messageValidation' style='background-color: silver; color: black; font-size: xx-small; border: silver 2px solid; padding: 5px;'><table><tr><td style='width:85px;'>Validation</td><td>:</td><td id='message'>Expected Value is: [24], Actual Value From DB Column - COMMITMENT_LENGTH_NUM is: [24], VALIDATION : [SUCCESSFUL]</td></tr></table></div><br/><br/>
<div id='messageValidation' style='background-color: silver; color: black; font-size: xx-small; border: silver 2px solid; padding: 5px;'><table><tr><td style='width:85px;'>Validation</td><td>:</td><td id='message'>Expected Value is: [70917632], Actual Value From DB Column - BAN is: [70917632], VALIDATION : [SUCCESSFUL]</td></tr></table></div><br/><br/>
<div id='messageValidation' style='background-color: silver; color: black; font-size: xx-small; border: silver 2px solid; padding: 5px;'><table><tr><td style='width:85px;'>Validation</td><td>:</td><td id='message'>Expected Value is: [1], Actual Value From DB Column - BRAND_ID is: [1], VALIDATION : [SUCCESSFUL]</td></tr></table></div><br/><br/>
<div id='messageValidation' style='background-color: silver; color: black; font-size: xx-small; border: silver 2px solid; padding: 5px;'><table><tr><td style='width:85px;'>Validation</td><td>:</td><td id='message'>Expected Value is: [C], Actual Value From DB Column - ACCOUNT_TYPE_CD is: [C], VALIDATION : [SUCCESSFUL]</td></tr></table></div><br/><br/>
<div id='messageValidation' style='background-color: silver; color: black; font-size: xx-small; border: silver 2px solid; padding: 5px;'><table><tr><td style='width:85px;'>Validation</td><td>:</td><td id='message'>Expected Value is: [Q], Actual Value From DB Column - ACCOUNT_SUBTYPE_CD is: [Q], VALIDATION : [SUCCESSFUL]</td></tr></table></div><br/><br/>
<div id='messageValidation' style='background-color: silver; color: black; font-size: xx-small; border: silver 2px solid; padding: 5px;'><table><tr><td style='width:85px;'>Validation</td><td>:</td><td id='message'>Expected Value is: [10122167], Actual Value From DB Column - CHNL_ORG_ID is: [10122167], VALIDATION : [SUCCESSFUL]</td></tr></table></div><br/><br/>
<div id='messageValidation' style='background-color: silver; color: black; font-size: xx-small; border: silver 2px solid; padding: 5px;'><table><tr><td style='width:85px;'>Validation</td><td>:</td><td id='message'>Expected Value is: [5335], Actual Value From DB Column - SALES_REP_ID is: [5335], VALIDATION : [SUCCESSFUL]</td></tr></table></div><br/><br/>
<div id='messageValidation' style='background-color: silver; color: black; font-size: xx-small; border: silver 2px solid; padding: 5px;'><table><tr><td style='width:85px;'>Validation</td><td>:</td><td id='message'>Expected Value is: [0], Actual Value From DB Column - SUBSCRIPTION_ID is: [0], VALIDATION : [SUCCESSFUL]</td></tr></table></div><br/><br/>
<div id='messageValidation' style='background-color: silver; color: black; font-size: xx-small; border: silver 2px solid; padding: 5px;'><table><tr><td style='width:85px;'>Validation</td><td>:</td><td id='message'>Expected Value is: [ON], Actual Value From DB Column - CUST_PHONE_PROV_CD is: [ON], VALIDATION : [SUCCESSFUL]</td></tr></table></div><br/><br/>
<div id='messageValidation' style='background-color: silver; color: black; font-size: xx-small; border: silver 2px solid; padding: 5px;'><table><tr><td style='width:85px;'>Validation</td><td>:</td><td id='message'>Expected Value is: [ON], Actual Value From DB Column - CUST_HOME_PROV_CD is: [ON], VALIDATION : [SUCCESSFUL]</td></tr></table></div><br/><br/>
<div id='messageValidation' style='background-color: silver; color: black; font-size: xx-small; border: silver 2px solid; padding: 5px;'><table><tr><td style='width:85px;'>Validation</td><td>:</td><td id='message'>Expected Value is: [4162357714], Actual Value From DB Column - SUBSCRIBER_NO is: [4162357714], VALIDATION : [SUCCESSFUL]</td></tr></table></div><br/><br/>
<div id='messageValidation' style='background-color: silver; color: black; font-size: xx-small; border: silver 2px solid; padding: 5px;'><table><tr><td style='width:85px;'>Validation</td><td>:</td><td id='message'>Expected Value is: [Y], Actual Value From DB Column - COMBO_RTPLN_IND is: [Y], VALIDATION : [SUCCESSFUL]</td></tr></table></div><br/><br/>
<div id='messageValidation' style='background-color: silver; color: black; font-size: xx-small; border: silver 2px solid; padding: 5px;'><table><tr><td style='width:85px;'>Validation</td><td>:</td><td id='message'>--- Agreement Item : 1 : HARDWARE---</td></tr></table></div><br/><br/>
<div id='messageValidation' style='background-color: silver; color: black; font-size: xx-small; border: silver 2px solid; padding: 5px;'><table><tr><td style='width:85px;'>Validation</td><td>:</td><td id='message'>CUST_SRVC_AGRMT_ITEM_ID Value from DB is : 1517752</td></tr></table></div><br/><br/>
<div id='messageValidation' style='background-color: silver; color: black; font-size: xx-small; border: silver 2px solid; padding: 5px;'><table><tr><td style='width:85px;'>Validation</td><td>:</td><td id='message'>Expected Value is: [2022-10-27], Actual Value From DB Column - COMMITMENT_EFF_START_DT is: [2022-10-27], VALIDATION : [SUCCESSFUL]</td></tr></table></div><br/><br/>
<div id='messageValidation' style='background-color: silver; color: black; font-size: xx-small; border: silver 2px solid; padding: 5px;'><table><tr><td style='width:85px;'>Validation</td><td>:</td><td id='message'>Expected Value is: [2024-10-27], Actual Value From DB Column - COMMITMENT_EFF_END_DT is: [2024-10-27], VALIDATION : [SUCCESSFUL]</td></tr></table></div><br/><br/>
<div id='messageValidation' style='background-color: silver; color: black; font-size: xx-small; border: silver 2px solid; padding: 5px;'><table><tr><td style='width:85px;'>Validation</td><td>:</td><td id='message'>Expected Value is: [24], Actual Value From DB Column - ORIG_COMMITMENT_LENGTH_NUM is: [24], VALIDATION : [SUCCESSFUL]</td></tr></table></div><br/><br/>
<div id='messageValidation' style='background-color: silver; color: black; font-size: xx-small; border: silver 2px solid; padding: 5px;'><table><tr><td style='width:85px;'>Validation</td><td>:</td><td id='message'>Expected Value is: [1], Actual Value From DB Column - REWARD_PROGRAM_TYP_ID is: [1], VALIDATION : [SUCCESSFUL]</td></tr></table></div><br/><br/>
<div id='messageValidation' style='background-color: silver; color: black; font-size: xx-small; border: silver 2px solid; padding: 5px;'><table><tr><td style='width:85px;'>Validation</td><td>:</td><td id='message'>Expected Value is: [240], Actual Value From DB Column - INCENTIVE_AMT is: [240], VALIDATION : [SUCCESSFUL]</td></tr></table></div><br/><br/>
<div id='messageValidation' style='background-color: silver; color: black; font-size: xx-small; border: silver 2px solid; padding: 5px;'><table><tr><td style='width:85px;'>Validation</td><td>:</td><td id='message'>Expected Value is: [0], Actual Value From DB Column - RTPLN_MIN_COMMITMENT_AMT is: [0], VALIDATION : [SUCCESSFUL]</td></tr></table></div><br/><br/>
<div id='messageValidation' style='background-color: silver; color: black; font-size: xx-small; border: silver 2px solid; padding: 5px;'><table><tr><td style='width:85px;'>Validation</td><td>:</td><td id='message'>Expected Value is: [0], Actual Value From DB Column - FEAT_MIN_COMMITMENT_AMT is: [0], VALIDATION : [SUCCESSFUL]</td></tr></table></div><br/><br/>
<div id='messageValidation' style='background-color: silver; color: black; font-size: xx-small; border: silver 2px solid; padding: 5px;'><table><tr><td style='width:85px;'>Validation</td><td>:</td><td id='message'>Expected Value is: [80], Actual Value From DB Column - COMB_MIN_COMMITMENT_AMT is: [80], VALIDATION : [SUCCESSFUL]</td></tr></table></div><br/><br/>
<div id='messageValidation' style='background-color: silver; color: black; font-size: xx-small; border: silver 2px solid; padding: 5px;'><table><tr><td style='width:85px;'>Validation</td><td>:</td><td id='message'>Expected Value is: [N], Actual Value From DB Column - COMMITMENT_AUTOTOPUP_IND is: [N], VALIDATION : [SUCCESSFUL]</td></tr></table></div><br/><br/>
<div id='messageValidation' style='background-color: silver; color: black; font-size: xx-small; border: silver 2px solid; padding: 5px;'><table><tr><td style='width:85px;'>Validation</td><td>:</td><td id='message'>Expected Value is: [23456], Actual Value From DB Column - REDEEMED_PROMOTION_ID is: [23456], VALIDATION : [SUCCESSFUL]</td></tr></table></div><br/><br/>
<div id='messageValidation' style='background-color: silver; color: black; font-size: xx-small; border: silver 2px solid; padding: 5px;'><table><tr><td style='width:85px;'>Validation</td><td>:</td><td id='message'>Expected Value is: [2022-10-27], Actual Value From DB Column - REDEEMED_PROMOTION_TS is: [2022-10-27], VALIDATION : [SUCCESSFUL]</td></tr></table></div><br/><br/>
<div id='messageValidation' style='background-color: silver; color: black; font-size: xx-small; border: silver 2px solid; padding: 5px;'><table><tr><td style='width:85px;'>Validation</td><td>:</td><td id='message'>Expected Value is: [900937479125913], Actual Value From DB Column - HANDSET_SERIAL_NUM is: [900937479125913], VALIDATION : [SUCCESSFUL]</td></tr></table></div><br/><br/>
<div id='messageValidation' style='background-color: silver; color: black; font-size: xx-small; border: silver 2px solid; padding: 5px;'><table><tr><td style='width:85px;'>Validation</td><td>:</td><td id='message'>Expected Value is: [1300], Actual Value From DB Column - CATALOGUE_ITEM_PRICE_AMT is: [1300], VALIDATION : [SUCCESSFUL]</td></tr></table></div><br/><br/>
<div id='messageValidation' style='background-color: silver; color: black; font-size: xx-small; border: silver 2px solid; padding: 5px;'><table><tr><td style='width:85px;'>Validation</td><td>:</td><td id='message'>Expected Value is: [8912239900003505056], Actual Value From DB Column - USIM_ID is: [8912239900003505056], VALIDATION : [SUCCESSFUL]</td></tr></table></div><br/><br/>
<div id='messageValidation' style='background-color: silver; color: black; font-size: xx-small; border: silver 2px solid; padding: 5px;'><table><tr><td style='width:85px;'>Validation</td><td>:</td><td id='message'>Expected Value is: [1013546], Actual Value From DB Column - REDEEMED_OFFER_ID is: [1013546], VALIDATION : [SUCCESSFUL]</td></tr></table></div><br/><br/>
<div id='messageValidation' style='background-color: silver; color: black; font-size: xx-small; border: silver 2px solid; padding: 5px;'><table><tr><td style='width:85px;'>Validation</td><td>:</td><td id='message'>Expected Value is: [1], Actual Value From DB Column - REDEEMED_OFFER_TYPE_ID is: [1], VALIDATION : [SUCCESSFUL]</td></tr></table></div><br/><br/>
<div id='messageValidation' style='background-color: silver; color: black; font-size: xx-small; border: silver 2px solid; padding: 5px;'><table><tr><td style='width:85px;'>Validation</td><td>:</td><td id='message'>Expected Value is: [1234], Actual Value From DB Column - REDEEMED_OFFER_TIER_CD is: [1234], VALIDATION : [SUCCESSFUL]</td></tr></table></div><br/><br/>
<div id='messageValidation' style='background-color: silver; color: black; font-size: xx-small; border: silver 2px solid; padding: 5px;'><table><tr><td style='width:85px;'>Validation</td><td>:</td><td id='message'>Expected Value is: [1500], Actual Value From DB Column - REDEEMED_OFFER_TIER_CAP_AMT is: [1500], VALIDATION : [SUCCESSFUL]</td></tr></table></div><br/><br/>
<div id='messageValidation' style='background-color: silver; color: black; font-size: xx-small; border: silver 2px solid; padding: 5px;'><table><tr><td style='width:85px;'>Validation</td><td>:</td><td id='message'>Expected Value is: [N], Actual Value From DB Column - DATA_SRVC_REQ_IND is: [N], VALIDATION : [SUCCESSFUL]</td></tr></table></div><br/><br/>
<div id='messageValidation' style='background-color: silver; color: black; font-size: xx-small; border: silver 2px solid; padding: 5px;'><table><tr><td style='width:85px;'>Validation</td><td>:</td><td id='message'>Expected Value is: [N], Actual Value From DB Column - COMB_MIN_CMITMT_DISCHRG_IND is: [N], VALIDATION : [SUCCESSFUL]</td></tr></table></div><br/><br/>
<div id='messageValidation' style='background-color: silver; color: black; font-size: xx-small; border: silver 2px solid; padding: 5px;'><table><tr><td style='width:85px;'>Validation</td><td>:</td><td id='message'>Expected Value is: [2022-10-27], Actual Value From DB Column - REDEEMED_OFFER_TS is: [2022-10-27], VALIDATION : [SUCCESSFUL]</td></tr></table></div><br/><br/>
<div id='messageValidation' style='background-color: silver; color: black; font-size: xx-small; border: silver 2px solid; padding: 5px;'><table><tr><td style='width:85px;'>Validation</td><td>:</td><td id='message'>Expected Value is: [15373], Actual Value From DB Column - REDEEMED_OFFER_SYS_ID is: [15373], VALIDATION : [SUCCESSFUL]</td></tr></table></div><br/><br/>
<div id='messageValidation' style='background-color: silver; color: black; font-size: xx-small; border: silver 2px solid; padding: 5px;'><table><tr><td style='width:85px;'>Validation</td><td>:</td><td id='message'>--- Agreement Item : 2 : FINANCE---</td></tr></table></div><br/><br/>
<div id='messageValidation' style='background-color: silver; color: black; font-size: xx-small; border: silver 2px solid; padding: 5px;'><table><tr><td style='width:85px;'>Validation</td><td>:</td><td id='message'>CUST_SRVC_AGRMT_ITEM_ID Value from DB is : 1517753</td></tr></table></div><br/><br/>
<div id='messageValidation' style='background-color: silver; color: black; font-size: xx-small; border: silver 2px solid; padding: 5px;'><table><tr><td style='width:85px;'>Validation</td><td>:</td><td id='message'>Expected Value is: [2022-10-27], Actual Value From DB Column - COMMITMENT_EFF_START_DT is: [2022-10-27], VALIDATION : [SUCCESSFUL]</td></tr></table></div><br/><br/>
<div id='messageValidation' style='background-color: silver; color: black; font-size: xx-small; border: silver 2px solid; padding: 5px;'><table><tr><td style='width:85px;'>Validation</td><td>:</td><td id='message'>Expected Value is: [2024-10-27], Actual Value From DB Column - COMMITMENT_EFF_END_DT is: [2024-10-27], VALIDATION : [SUCCESSFUL]</td></tr></table></div><br/><br/>
<div id='messageValidation' style='background-color: silver; color: black; font-size: xx-small; border: silver 2px solid; padding: 5px;'><table><tr><td style='width:85px;'>Validation</td><td>:</td><td id='message'>Expected Value is: [24], Actual Value From DB Column - ORIG_COMMITMENT_LENGTH_NUM is: [24], VALIDATION : [SUCCESSFUL]</td></tr></table></div><br/><br/>
<div id='messageValidation' style='background-color: silver; color: black; font-size: xx-small; border: silver 2px solid; padding: 5px;'><table><tr><td style='width:85px;'>Validation</td><td>:</td><td id='message'>Expected Value is: [7], Actual Value From DB Column - REWARD_PROGRAM_TYP_ID is: [7], VALIDATION : [SUCCESSFUL]</td></tr></table></div><br/><br/>
<div id='messageValidation' style='background-color: silver; color: black; font-size: xx-small; border: silver 2px solid; padding: 5px;'><table><tr><td style='width:85px;'>Validation</td><td>:</td><td id='message'>Expected Value is: [240], Actual Value From DB Column - INCENTIVE_AMT is: [240], VALIDATION : [SUCCESSFUL]</td></tr></table></div><br/><br/>
<div id='messageValidation' style='background-color: silver; color: black; font-size: xx-small; border: silver 2px solid; padding: 5px;'><table><tr><td style='width:85px;'>Validation</td><td>:</td><td id='message'>Expected Value is: [2022-10-27], Actual Value From DB Column - REWARD_INSTLMNT_START_DT is: [2022-10-27], VALIDATION : [SUCCESSFUL]</td></tr></table></div><br/><br/>
<div id='messageValidation' style='background-color: silver; color: black; font-size: xx-small; border: silver 2px solid; padding: 5px;'><table><tr><td style='width:85px;'>Validation</td><td>:</td><td id='message'>Expected Value is: [2024-10-27], Actual Value From DB Column - REWARD_INSTLMNT_END_DT is: [2024-10-27], VALIDATION : [SUCCESSFUL]</td></tr></table></div><br/><br/>
<div id='messageValidation' style='background-color: silver; color: black; font-size: xx-small; border: silver 2px solid; padding: 5px;'><table><tr><td style='width:85px;'>Validation</td><td>:</td><td id='message'>Expected Value is: [24], Actual Value From DB Column - REWARD_INSTLMNT_QTY is: [24], VALIDATION : [SUCCESSFUL]</td></tr></table></div><br/><br/>
<div id='messageValidation' style='background-color: silver; color: black; font-size: xx-small; border: silver 2px solid; padding: 5px;'><table><tr><td style='width:85px;'>Validation</td><td>:</td><td id='message'>Expected Value is: [0], Actual Value From DB Column - RTPLN_MIN_COMMITMENT_AMT is: [0], VALIDATION : [SUCCESSFUL]</td></tr></table></div><br/><br/>
<div id='messageValidation' style='background-color: silver; color: black; font-size: xx-small; border: silver 2px solid; padding: 5px;'><table><tr><td style='width:85px;'>Validation</td><td>:</td><td id='message'>Expected Value is: [0], Actual Value From DB Column - FEAT_MIN_COMMITMENT_AMT is: [0], VALIDATION : [SUCCESSFUL]</td></tr></table></div><br/><br/>
<div id='messageValidation' style='background-color: silver; color: black; font-size: xx-small; border: silver 2px solid; padding: 5px;'><table><tr><td style='width:85px;'>Validation</td><td>:</td><td id='message'>Expected Value is: [80], Actual Value From DB Column - COMB_MIN_COMMITMENT_AMT is: [80], VALIDATION : [SUCCESSFUL]</td></tr></table></div><br/><br/>
<div id='messageValidation' style='background-color: silver; color: black; font-size: xx-small; border: silver 2px solid; padding: 5px;'><table><tr><td style='width:85px;'>Validation</td><td>:</td><td id='message'>Expected Value is: [N], Actual Value From DB Column - COMMITMENT_AUTOTOPUP_IND is: [N], VALIDATION : [SUCCESSFUL]</td></tr></table></div><br/><br/>
<div id='messageValidation' style='background-color: silver; color: black; font-size: xx-small; border: silver 2px solid; padding: 5px;'><table><tr><td style='width:85px;'>Validation</td><td>:</td><td id='message'>Expected Value is: [23456], Actual Value From DB Column - REDEEMED_PROMOTION_ID is: [23456], VALIDATION : [SUCCESSFUL]</td></tr></table></div><br/><br/>
<div id='messageValidation' style='background-color: silver; color: black; font-size: xx-small; border: silver 2px solid; padding: 5px;'><table><tr><td style='width:85px;'>Validation</td><td>:</td><td id='message'>Expected Value is: [2022-10-27], Actual Value From DB Column - REDEEMED_PROMOTION_TS is: [2022-10-27], VALIDATION : [SUCCESSFUL]</td></tr></table></div><br/><br/>
<div id='messageValidation' style='background-color: silver; color: black; font-size: xx-small; border: silver 2px solid; padding: 5px;'><table><tr><td style='width:85px;'>Validation</td><td>:</td><td id='message'>Expected Value is: [900937479125913], Actual Value From DB Column - HANDSET_SERIAL_NUM is: [900937479125913], VALIDATION : [SUCCESSFUL]</td></tr></table></div><br/><br/>
<div id='messageValidation' style='background-color: silver; color: black; font-size: xx-small; border: silver 2px solid; padding: 5px;'><table><tr><td style='width:85px;'>Validation</td><td>:</td><td id='message'>Expected Value is: [1300], Actual Value From DB Column - CATALOGUE_ITEM_PRICE_AMT is: [1300], VALIDATION : [SUCCESSFUL]</td></tr></table></div><br/><br/>
<div id='messageValidation' style='background-color: silver; color: black; font-size: xx-small; border: silver 2px solid; padding: 5px;'><table><tr><td style='width:85px;'>Validation</td><td>:</td><td id='message'>Expected Value is: [8912239900003505056], Actual Value From DB Column - USIM_ID is: [8912239900003505056], VALIDATION : [SUCCESSFUL]</td></tr></table></div><br/><br/>
<div id='messageValidation' style='background-color: silver; color: black; font-size: xx-small; border: silver 2px solid; padding: 5px;'><table><tr><td style='width:85px;'>Validation</td><td>:</td><td id='message'>Expected Value is: [1013546], Actual Value From DB Column - REDEEMED_OFFER_ID is: [1013546], VALIDATION : [SUCCESSFUL]</td></tr></table></div><br/><br/>
<div id='messageValidation' style='background-color: silver; color: black; font-size: xx-small; border: silver 2px solid; padding: 5px;'><table><tr><td style='width:85px;'>Validation</td><td>:</td><td id='message'>Expected Value is: [1], Actual Value From DB Column - REDEEMED_OFFER_TYPE_ID is: [1], VALIDATION : [SUCCESSFUL]</td></tr></table></div><br/><br/>
<div id='messageValidation' style='background-color: silver; color: black; font-size: xx-small; border: silver 2px solid; padding: 5px;'><table><tr><td style='width:85px;'>Validation</td><td>:</td><td id='message'>Expected Value is: [1234], Actual Value From DB Column - REDEEMED_OFFER_TIER_CD is: [1234], VALIDATION : [SUCCESSFUL]</td></tr></table></div><br/><br/>
<div id='messageValidation' style='background-color: silver; color: black; font-size: xx-small; border: silver 2px solid; padding: 5px;'><table><tr><td style='width:85px;'>Validation</td><td>:</td><td id='message'>Expected Value is: [1500], Actual Value From DB Column - REDEEMED_OFFER_TIER_CAP_AMT is: [1500], VALIDATION : [SUCCESSFUL]</td></tr></table></div><br/><br/>
<div id='messageValidation' style='background-color: silver; color: black; font-size: xx-small; border: silver 2px solid; padding: 5px;'><table><tr><td style='width:85px;'>Validation</td><td>:</td><td id='message'>Expected Value is: [N], Actual Value From DB Column - DATA_SRVC_REQ_IND is: [N], VALIDATION : [SUCCESSFUL]</td></tr></table></div><br/><br/>
<div id='messageValidation' style='background-color: silver; color: black; font-size: xx-small; border: silver 2px solid; padding: 5px;'><table><tr><td style='width:85px;'>Validation</td><td>:</td><td id='message'>Expected Value is: [N], Actual Value From DB Column - COMB_MIN_CMITMT_DISCHRG_IND is: [N], VALIDATION : [SUCCESSFUL]</td></tr></table></div><br/><br/>
<div id='messageValidation' style='background-color: silver; color: black; font-size: xx-small; border: silver 2px solid; padding: 5px;'><table><tr><td style='width:85px;'>Validation</td><td>:</td><td id='message'>Expected Value is: [2022-10-27], Actual Value From DB Column - REDEEMED_OFFER_TS is: [2022-10-27], VALIDATION : [SUCCESSFUL]</td></tr></table></div><br/><br/>
<div id='messageValidation' style='background-color: silver; color: black; font-size: xx-small; border: silver 2px solid; padding: 5px;'><table><tr><td style='width:85px;'>Validation</td><td>:</td><td id='message'>Expected Value is: [15373], Actual Value From DB Column - REDEEMED_OFFER_SYS_ID is: [15373], VALIDATION : [SUCCESSFUL]</td></tr></table></div><br/><br/>
<div id='messageValidation' style='background-color: silver; color: black; font-size: xx-small; border: silver 2px solid; padding: 5px;'><table><tr><td style='width:85px;'>Validation</td><td>:</td><td id='message'>--- Agreement Item : 3 : BIB---</td></tr></table></div><br/><br/>
<div id='messageValidation' style='background-color: silver; color: black; font-size: xx-small; border: silver 2px solid; padding: 5px;'><table><tr><td style='width:85px;'>Validation</td><td>:</td><td id='message'>CUST_SRVC_AGRMT_ITEM_ID Value from DB is : 1517754</td></tr></table></div><br/><br/>
<div id='messageValidation' style='background-color: silver; color: black; font-size: xx-small; border: silver 2px solid; padding: 5px;'><table><tr><td style='width:85px;'>Validation</td><td>:</td><td id='message'>Expected Value is: [2022-10-27], Actual Value From DB Column - COMMITMENT_EFF_START_DT is: [2022-10-27], VALIDATION : [SUCCESSFUL]</td></tr></table></div><br/><br/>
<div id='messageValidation' style='background-color: silver; color: black; font-size: xx-small; border: silver 2px solid; padding: 5px;'><table><tr><td style='width:85px;'>Validation</td><td>:</td><td id='message'>Expected Value is: [2024-10-27], Actual Value From DB Column - COMMITMENT_EFF_END_DT is: [2024-10-27], VALIDATION : [SUCCESSFUL]</td></tr></table></div><br/><br/>
<div id='messageValidation' style='background-color: silver; color: black; font-size: xx-small; border: silver 2px solid; padding: 5px;'><table><tr><td style='width:85px;'>Validation</td><td>:</td><td id='message'>Expected Value is: [24], Actual Value From DB Column - ORIG_COMMITMENT_LENGTH_NUM is: [24], VALIDATION : [SUCCESSFUL]</td></tr></table></div><br/><br/>
<div id='messageValidation' style='background-color: silver; color: black; font-size: xx-small; border: silver 2px solid; padding: 5px;'><table><tr><td style='width:85px;'>Validation</td><td>:</td><td id='message'>Expected Value is: [9], Actual Value From DB Column - REWARD_PROGRAM_TYP_ID is: [9], VALIDATION : [SUCCESSFUL]</td></tr></table></div><br/><br/>
<div id='messageValidation' style='background-color: silver; color: black; font-size: xx-small; border: silver 2px solid; padding: 5px;'><table><tr><td style='width:85px;'>Validation</td><td>:</td><td id='message'>Expected Value is: [300], Actual Value From DB Column - INCENTIVE_AMT is: [300], VALIDATION : [SUCCESSFUL]</td></tr></table></div><br/><br/>
<div id='messageValidation' style='background-color: silver; color: black; font-size: xx-small; border: silver 2px solid; padding: 5px;'><table><tr><td style='width:85px;'>Validation</td><td>:</td><td id='message'>Expected Value is: [2024-11-26], Actual Value From DB Column - REWARD_INSTLMNT_START_DT is: [2024-11-26], VALIDATION : [SUCCESSFUL]</td></tr></table></div><br/><br/>
<div id='messageValidation' style='background-color: silver; color: black; font-size: xx-small; border: silver 2px solid; padding: 5px;'><table><tr><td style='width:85px;'>Validation</td><td>:</td><td id='message'>Expected Value is: [2026-11-26], Actual Value From DB Column - REWARD_INSTLMNT_END_DT is: [2026-11-26], VALIDATION : [SUCCESSFUL]</td></tr></table></div><br/><br/>
<div id='messageValidation' style='background-color: silver; color: black; font-size: xx-small; border: silver 2px solid; padding: 5px;'><table><tr><td style='width:85px;'>Validation</td><td>:</td><td id='message'>Expected Value is: [24], Actual Value From DB Column - REWARD_INSTLMNT_QTY is: [24], VALIDATION : [SUCCESSFUL]</td></tr></table></div><br/><br/>
<div id='messageValidation' style='background-color: silver; color: black; font-size: xx-small; border: silver 2px solid; padding: 5px;'><table><tr><td style='width:85px;'>Validation</td><td>:</td><td id='message'>Expected Value is: [0], Actual Value From DB Column - RTPLN_MIN_COMMITMENT_AMT is: [0], VALIDATION : [SUCCESSFUL]</td></tr></table></div><br/><br/>
<div id='messageValidation' style='background-color: silver; color: black; font-size: xx-small; border: silver 2px solid; padding: 5px;'><table><tr><td style='width:85px;'>Validation</td><td>:</td><td id='message'>Expected Value is: [0], Actual Value From DB Column - FEAT_MIN_COMMITMENT_AMT is: [0], VALIDATION : [SUCCESSFUL]</td></tr></table></div><br/><br/>
<div id='messageValidation' style='background-color: silver; color: black; font-size: xx-small; border: silver 2px solid; padding: 5px;'><table><tr><td style='width:85px;'>Validation</td><td>:</td><td id='message'>Expected Value is: [80], Actual Value From DB Column - COMB_MIN_COMMITMENT_AMT is: [80], VALIDATION : [SUCCESSFUL]</td></tr></table></div><br/><br/>
<div id='messageValidation' style='background-color: silver; color: black; font-size: xx-small; border: silver 2px solid; padding: 5px;'><table><tr><td style='width:85px;'>Validation</td><td>:</td><td id='message'>Expected Value is: [N], Actual Value From DB Column - COMMITMENT_AUTOTOPUP_IND is: [N], VALIDATION : [SUCCESSFUL]</td></tr></table></div><br/><br/>
<div id='messageValidation' style='background-color: silver; color: black; font-size: xx-small; border: silver 2px solid; padding: 5px;'><table><tr><td style='width:85px;'>Validation</td><td>:</td><td id='message'>Expected Value is: [23456], Actual Value From DB Column - REDEEMED_PROMOTION_ID is: [23456], VALIDATION : [SUCCESSFUL]</td></tr></table></div><br/><br/>
<div id='messageValidation' style='background-color: silver; color: black; font-size: xx-small; border: silver 2px solid; padding: 5px;'><table><tr><td style='width:85px;'>Validation</td><td>:</td><td id='message'>Expected Value is: [2022-10-27], Actual Value From DB Column - REDEEMED_PROMOTION_TS is: [2022-10-27], VALIDATION : [SUCCESSFUL]</td></tr></table></div><br/><br/>
<div id='messageValidation' style='background-color: silver; color: black; font-size: xx-small; border: silver 2px solid; padding: 5px;'><table><tr><td style='width:85px;'>Validation</td><td>:</td><td id='message'>Expected Value is: [900937479125913], Actual Value From DB Column - HANDSET_SERIAL_NUM is: [900937479125913], VALIDATION : [SUCCESSFUL]</td></tr></table></div><br/><br/>
<div id='messageValidation' style='background-color: silver; color: black; font-size: xx-small; border: silver 2px solid; padding: 5px;'><table><tr><td style='width:85px;'>Validation</td><td>:</td><td id='message'>Expected Value is: [1300], Actual Value From DB Column - CATALOGUE_ITEM_PRICE_AMT is: [1300], VALIDATION : [SUCCESSFUL]</td></tr></table></div><br/><br/>
<div id='messageValidation' style='background-color: silver; color: black; font-size: xx-small; border: silver 2px solid; padding: 5px;'><table><tr><td style='width:85px;'>Validation</td><td>:</td><td id='message'>Expected Value is: [8912239900003505056], Actual Value From DB Column - USIM_ID is: [8912239900003505056], VALIDATION : [SUCCESSFUL]</td></tr></table></div><br/><br/>
<div id='messageValidation' style='background-color: silver; color: black; font-size: xx-small; border: silver 2px solid; padding: 5px;'><table><tr><td style='width:85px;'>Validation</td><td>:</td><td id='message'>Expected Value is: [1013546], Actual Value From DB Column - REDEEMED_OFFER_ID is: [1013546], VALIDATION : [SUCCESSFUL]</td></tr></table></div><br/><br/>
<div id='messageValidation' style='background-color: silver; color: black; font-size: xx-small; border: silver 2px solid; padding: 5px;'><table><tr><td style='width:85px;'>Validation</td><td>:</td><td id='message'>Expected Value is: [1], Actual Value From DB Column - REDEEMED_OFFER_TYPE_ID is: [1], VALIDATION : [SUCCESSFUL]</td></tr></table></div><br/><br/>
<div id='messageValidation' style='background-color: silver; color: black; font-size: xx-small; border: silver 2px solid; padding: 5px;'><table><tr><td style='width:85px;'>Validation</td><td>:</td><td id='message'>Expected Value is: [1234], Actual Value From DB Column - REDEEMED_OFFER_TIER_CD is: [1234], VALIDATION : [SUCCESSFUL]</td></tr></table></div><br/><br/>
<div id='messageValidation' style='background-color: silver; color: black; font-size: xx-small; border: silver 2px solid; padding: 5px;'><table><tr><td style='width:85px;'>Validation</td><td>:</td><td id='message'>Expected Value is: [1500], Actual Value From DB Column - REDEEMED_OFFER_TIER_CAP_AMT is: [1500], VALIDATION : [SUCCESSFUL]</td></tr></table></div><br/><br/>
<div id='messageValidation' style='background-color: silver; color: black; font-size: xx-small; border: silver 2px solid; padding: 5px;'><table><tr><td style='width:85px;'>Validation</td><td>:</td><td id='message'>Expected Value is: [N], Actual Value From DB Column - DATA_SRVC_REQ_IND is: [N], VALIDATION : [SUCCESSFUL]</td></tr></table></div><br/><br/>
<div id='messageValidation' style='background-color: silver; color: black; font-size: xx-small; border: silver 2px solid; padding: 5px;'><table><tr><td style='width:85px;'>Validation</td><td>:</td><td id='message'>Expected Value is: [N], Actual Value From DB Column - COMB_MIN_CMITMT_DISCHRG_IND is: [N], VALIDATION : [SUCCESSFUL]</td></tr></table></div><br/><br/>
<div id='messageValidation' style='background-color: silver; color: black; font-size: xx-small; border: silver 2px solid; padding: 5px;'><table><tr><td style='width:85px;'>Validation</td><td>:</td><td id='message'>Expected Value is: [2022-10-27], Actual Value From DB Column - REDEEMED_OFFER_TS is: [2022-10-27], VALIDATION : [SUCCESSFUL]</td></tr></table></div><br/><br/>
<div id='messageValidation' style='background-color: silver; color: black; font-size: xx-small; border: silver 2px solid; padding: 5px;'><table><tr><td style='width:85px;'>Validation</td><td>:</td><td id='message'>Expected Value is: [15373], Actual Value From DB Column - REDEEMED_OFFER_SYS_ID is: [15373], VALIDATION : [SUCCESSFUL]</td></tr></table></div><br/><br/>
<div id='messageValidation' style='background-color: silver; color: black; font-size: xx-small; border: silver 2px solid; padding: 5px;'><table><tr><td style='width:85px;'>Validation</td><td>:</td><td id='message'>--- Agreement Item : 4 : TAB---</td></tr></table></div><br/><br/>
<div id='messageValidation' style='background-color: silver; color: black; font-size: xx-small; border: silver 2px solid; padding: 5px;'><table><tr><td style='width:85px;'>Validation</td><td>:</td><td id='message'>CUST_SRVC_AGRMT_ITEM_ID Value from DB is : 1517755</td></tr></table></div><br/><br/>
<div id='messageValidation' style='background-color: silver; color: black; font-size: xx-small; border: silver 2px solid; padding: 5px;'><table><tr><td style='width:85px;'>Validation</td><td>:</td><td id='message'>Expected Value is: [2022-10-27], Actual Value From DB Column - COMMITMENT_EFF_START_DT is: [2022-10-27], VALIDATION : [SUCCESSFUL]</td></tr></table></div><br/><br/>
<div id='messageValidation' style='background-color: silver; color: black; font-size: xx-small; border: silver 2px solid; padding: 5px;'><table><tr><td style='width:85px;'>Validation</td><td>:</td><td id='message'>Expected Value is: [2024-10-27], Actual Value From DB Column - COMMITMENT_EFF_END_DT is: [2024-10-27], VALIDATION : [SUCCESSFUL]</td></tr></table></div><br/><br/>
<div id='messageValidation' style='background-color: silver; color: black; font-size: xx-small; border: silver 2px solid; padding: 5px;'><table><tr><td style='width:85px;'>Validation</td><td>:</td><td id='message'>Expected Value is: [24], Actual Value From DB Column - ORIG_COMMITMENT_LENGTH_NUM is: [24], VALIDATION : [SUCCESSFUL]</td></tr></table></div><br/><br/>
<div id='messageValidation' style='background-color: silver; color: black; font-size: xx-small; border: silver 2px solid; padding: 5px;'><table><tr><td style='width:85px;'>Validation</td><td>:</td><td id='message'>Expected Value is: [13], Actual Value From DB Column - REWARD_PROGRAM_TYP_ID is: [13], VALIDATION : [SUCCESSFUL]</td></tr></table></div><br/><br/>
<div id='messageValidation' style='background-color: silver; color: black; font-size: xx-small; border: silver 2px solid; padding: 5px;'><table><tr><td style='width:85px;'>Validation</td><td>:</td><td id='message'>Expected Value is: [240], Actual Value From DB Column - INCENTIVE_AMT is: [240], VALIDATION : [SUCCESSFUL]</td></tr></table></div><br/><br/>
<div id='messageValidation' style='background-color: silver; color: black; font-size: xx-small; border: silver 2px solid; padding: 5px;'><table><tr><td style='width:85px;'>Validation</td><td>:</td><td id='message'>Expected Value is: [2022-10-27], Actual Value From DB Column - REWARD_INSTLMNT_START_DT is: [2022-10-27], VALIDATION : [SUCCESSFUL]</td></tr></table></div><br/><br/>
<div id='messageValidation' style='background-color: silver; color: black; font-size: xx-small; border: silver 2px solid; padding: 5px;'><table><tr><td style='width:85px;'>Validation</td><td>:</td><td id='message'>Expected Value is: [2024-10-27], Actual Value From DB Column - REWARD_INSTLMNT_END_DT is: [2024-10-27], VALIDATION : [SUCCESSFUL]</td></tr></table></div><br/><br/>
<div id='messageValidation' style='background-color: silver; color: black; font-size: xx-small; border: silver 2px solid; padding: 5px;'><table><tr><td style='width:85px;'>Validation</td><td>:</td><td id='message'>Expected Value is: [24], Actual Value From DB Column - REWARD_INSTLMNT_QTY is: [24], VALIDATION : [SUCCESSFUL]</td></tr></table></div><br/><br/>
<div id='messageValidation' style='background-color: silver; color: black; font-size: xx-small; border: silver 2px solid; padding: 5px;'><table><tr><td style='width:85px;'>Validation</td><td>:</td><td id='message'>Expected Value is: [0], Actual Value From DB Column - RTPLN_MIN_COMMITMENT_AMT is: [0], VALIDATION : [SUCCESSFUL]</td></tr></table></div><br/><br/>
<div id='messageValidation' style='background-color: silver; color: black; font-size: xx-small; border: silver 2px solid; padding: 5px;'><table><tr><td style='width:85px;'>Validation</td><td>:</td><td id='message'>Expected Value is: [0], Actual Value From DB Column - FEAT_MIN_COMMITMENT_AMT is: [0], VALIDATION : [SUCCESSFUL]</td></tr></table></div><br/><br/>
<div id='messageValidation' style='background-color: silver; color: black; font-size: xx-small; border: silver 2px solid; padding: 5px;'><table><tr><td style='width:85px;'>Validation</td><td>:</td><td id='message'>Expected Value is: [80], Actual Value From DB Column - COMB_MIN_COMMITMENT_AMT is: [80], VALIDATION : [SUCCESSFUL]</td></tr></table></div><br/><br/>
<div id='messageValidation' style='background-color: silver; color: black; font-size: xx-small; border: silver 2px solid; padding: 5px;'><table><tr><td style='width:85px;'>Validation</td><td>:</td><td id='message'>Expected Value is: [N], Actual Value From DB Column - COMMITMENT_AUTOTOPUP_IND is: [N], VALIDATION : [SUCCESSFUL]</td></tr></table></div><br/><br/>
<div id='messageValidation' style='background-color: silver; color: black; font-size: xx-small; border: silver 2px solid; padding: 5px;'><table><tr><td style='width:85px;'>Validation</td><td>:</td><td id='message'>Expected Value is: [23456], Actual Value From DB Column - REDEEMED_PROMOTION_ID is: [23456], VALIDATION : [SUCCESSFUL]</td></tr></table></div><br/><br/>
<div id='messageValidation' style='background-color: silver; color: black; font-size: xx-small; border: silver 2px solid; padding: 5px;'><table><tr><td style='width:85px;'>Validation</td><td>:</td><td id='message'>Expected Value is: [2022-10-27], Actual Value From DB Column - REDEEMED_PROMOTION_TS is: [2022-10-27], VALIDATION : [SUCCESSFUL]</td></tr></table></div><br/><br/>
<div id='messageValidation' style='background-color: silver; color: black; font-size: xx-small; border: silver 2px solid; padding: 5px;'><table><tr><td style='width:85px;'>Validation</td><td>:</td><td id='message'>Expected Value is: [900937479125913], Actual Value From DB Column - HANDSET_SERIAL_NUM is: [900937479125913], VALIDATION : [SUCCESSFUL]</td></tr></table></div><br/><br/>
<div id='messageValidation' style='background-color: silver; color: black; font-size: xx-small; border: silver 2px solid; padding: 5px;'><table><tr><td style='width:85px;'>Validation</td><td>:</td><td id='message'>Expected Value is: [1300], Actual Value From DB Column - CATALOGUE_ITEM_PRICE_AMT is: [1300], VALIDATION : [SUCCESSFUL]</td></tr></table></div><br/><br/>
<div id='messageValidation' style='background-color: silver; color: black; font-size: xx-small; border: silver 2px solid; padding: 5px;'><table><tr><td style='width:85px;'>Validation</td><td>:</td><td id='message'>Expected Value is: [8912239900003505056], Actual Value From DB Column - USIM_ID is: [8912239900003505056], VALIDATION : [SUCCESSFUL]</td></tr></table></div><br/><br/>
<div id='messageValidation' style='background-color: silver; color: black; font-size: xx-small; border: silver 2px solid; padding: 5px;'><table><tr><td style='width:85px;'>Validation</td><td>:</td><td id='message'>Expected Value is: [1013546], Actual Value From DB Column - REDEEMED_OFFER_ID is: [1013546], VALIDATION : [SUCCESSFUL]</td></tr></table></div><br/><br/>
<div id='messageValidation' style='background-color: silver; color: black; font-size: xx-small; border: silver 2px solid; padding: 5px;'><table><tr><td style='width:85px;'>Validation</td><td>:</td><td id='message'>Expected Value is: [1], Actual Value From DB Column - REDEEMED_OFFER_TYPE_ID is: [1], VALIDATION : [SUCCESSFUL]</td></tr></table></div><br/><br/>
<div id='messageValidation' style='background-color: silver; color: black; font-size: xx-small; border: silver 2px solid; padding: 5px;'><table><tr><td style='width:85px;'>Validation</td><td>:</td><td id='message'>Expected Value is: [1234], Actual Value From DB Column - REDEEMED_OFFER_TIER_CD is: [1234], VALIDATION : [SUCCESSFUL]</td></tr></table></div><br/><br/>
<div id='messageValidation' style='background-color: silver; color: black; font-size: xx-small; border: silver 2px solid; padding: 5px;'><table><tr><td style='width:85px;'>Validation</td><td>:</td><td id='message'>Expected Value is: [1500], Actual Value From DB Column - REDEEMED_OFFER_TIER_CAP_AMT is: [1500], VALIDATION : [SUCCESSFUL]</td></tr></table></div><br/><br/>
<div id='messageValidation' style='background-color: silver; color: black; font-size: xx-small; border: silver 2px solid; padding: 5px;'><table><tr><td style='width:85px;'>Validation</td><td>:</td><td id='message'>Expected Value is: [N], Actual Value From DB Column - DATA_SRVC_REQ_IND is: [N], VALIDATION : [SUCCESSFUL]</td></tr></table></div><br/><br/>
<div id='messageValidation' style='background-color: silver; color: black; font-size: xx-small; border: silver 2px solid; padding: 5px;'><table><tr><td style='width:85px;'>Validation</td><td>:</td><td id='message'>Expected Value is: [N], Actual Value From DB Column - COMB_MIN_CMITMT_DISCHRG_IND is: [N], VALIDATION : [SUCCESSFUL]</td></tr></table></div><br/><br/>
<div id='messageValidation' style='background-color: silver; color: black; font-size: xx-small; border: silver 2px solid; padding: 5px;'><table><tr><td style='width:85px;'>Validation</td><td>:</td><td id='message'>Expected Value is: [2022-10-27], Actual Value From DB Column - REDEEMED_OFFER_TS is: [2022-10-27], VALIDATION : [SUCCESSFUL]</td></tr></table></div><br/><br/>
<div id='messageValidation' style='background-color: silver; color: black; font-size: xx-small; border: silver 2px solid; padding: 5px;'><table><tr><td style='width:85px;'>Validation</td><td>:</td><td id='message'>Expected Value is: [15373], Actual Value From DB Column - REDEEMED_OFFER_SYS_ID is: [15373], VALIDATION : [SUCCESSFUL]</td></tr></table></div><br/><br/>
<div id='messageValidation' style='background-color: silver; color: black; font-size: xx-small; border: silver 2px solid; padding: 5px;'><table><tr><td style='width:85px;'>Validation</td><td>:</td><td id='message'>--- Agreement Item : 5 : HWS---</td></tr></table></div><br/><br/>
<div id='messageValidation' style='background-color: silver; color: black; font-size: xx-small; border: silver 2px solid; padding: 5px;'><table><tr><td style='width:85px;'>Validation</td><td>:</td><td id='message'>CUST_SRVC_AGRMT_ITEM_ID Value from DB is : 1517756</td></tr></table></div><br/><br/>
<div id='messageValidation' style='background-color: silver; color: black; font-size: xx-small; border: silver 2px solid; padding: 5px;'><table><tr><td style='width:85px;'>Validation</td><td>:</td><td id='message'>Expected Value is: [2022-10-27], Actual Value From DB Column - COMMITMENT_EFF_START_DT is: [2022-10-27], VALIDATION : [SUCCESSFUL]</td></tr></table></div><br/><br/>
<div id='messageValidation' style='background-color: silver; color: black; font-size: xx-small; border: silver 2px solid; padding: 5px;'><table><tr><td style='width:85px;'>Validation</td><td>:</td><td id='message'>Expected Value is: [2024-10-27], Actual Value From DB Column - COMMITMENT_EFF_END_DT is: [2024-10-27], VALIDATION : [SUCCESSFUL]</td></tr></table></div><br/><br/>
<div id='messageValidation' style='background-color: silver; color: black; font-size: xx-small; border: silver 2px solid; padding: 5px;'><table><tr><td style='width:85px;'>Validation</td><td>:</td><td id='message'>Expected Value is: [24], Actual Value From DB Column - ORIG_COMMITMENT_LENGTH_NUM is: [24], VALIDATION : [SUCCESSFUL]</td></tr></table></div><br/><br/>
<div id='messageValidation' style='background-color: silver; color: black; font-size: xx-small; border: silver 2px solid; padding: 5px;'><table><tr><td style='width:85px;'>Validation</td><td>:</td><td id='message'>Expected Value is: [14], Actual Value From DB Column - REWARD_PROGRAM_TYP_ID is: [14], VALIDATION : [SUCCESSFUL]</td></tr></table></div><br/><br/>
<div id='messageValidation' style='background-color: silver; color: black; font-size: xx-small; border: silver 2px solid; padding: 5px;'><table><tr><td style='width:85px;'>Validation</td><td>:</td><td id='message'>Expected Value is: [240], Actual Value From DB Column - INCENTIVE_AMT is: [240], VALIDATION : [SUCCESSFUL]</td></tr></table></div><br/><br/>
<div id='messageValidation' style='background-color: silver; color: black; font-size: xx-small; border: silver 2px solid; padding: 5px;'><table><tr><td style='width:85px;'>Validation</td><td>:</td><td id='message'>Expected Value is: [0], Actual Value From DB Column - RTPLN_MIN_COMMITMENT_AMT is: [0], VALIDATION : [SUCCESSFUL]</td></tr></table></div><br/><br/>
<div id='messageValidation' style='background-color: silver; color: black; font-size: xx-small; border: silver 2px solid; padding: 5px;'><table><tr><td style='width:85px;'>Validation</td><td>:</td><td id='message'>Expected Value is: [0], Actual Value From DB Column - FEAT_MIN_COMMITMENT_AMT is: [0], VALIDATION : [SUCCESSFUL]</td></tr></table></div><br/><br/>
<div id='messageValidation' style='background-color: silver; color: black; font-size: xx-small; border: silver 2px solid; padding: 5px;'><table><tr><td style='width:85px;'>Validation</td><td>:</td><td id='message'>Expected Value is: [80], Actual Value From DB Column - COMB_MIN_COMMITMENT_AMT is: [80], VALIDATION : [SUCCESSFUL]</td></tr></table></div><br/><br/>
<div id='messageValidation' style='background-color: silver; color: black; font-size: xx-small; border: silver 2px solid; padding: 5px;'><table><tr><td style='width:85px;'>Validation</td><td>:</td><td id='message'>Expected Value is: [N], Actual Value From DB Column - COMMITMENT_AUTOTOPUP_IND is: [N], VALIDATION : [SUCCESSFUL]</td></tr></table></div><br/><br/>
<div id='messageValidation' style='background-color: silver; color: black; font-size: xx-small; border: silver 2px solid; padding: 5px;'><table><tr><td style='width:85px;'>Validation</td><td>:</td><td id='message'>Expected Value is: [23456], Actual Value From DB Column - REDEEMED_PROMOTION_ID is: [23456], VALIDATION : [SUCCESSFUL]</td></tr></table></div><br/><br/>
<div id='messageValidation' style='background-color: silver; color: black; font-size: xx-small; border: silver 2px solid; padding: 5px;'><table><tr><td style='width:85px;'>Validation</td><td>:</td><td id='message'>Expected Value is: [2022-10-27], Actual Value From DB Column - REDEEMED_PROMOTION_TS is: [2022-10-27], VALIDATION : [SUCCESSFUL]</td></tr></table></div><br/><br/>
<div id='messageValidation' style='background-color: silver; color: black; font-size: xx-small; border: silver 2px solid; padding: 5px;'><table><tr><td style='width:85px;'>Validation</td><td>:</td><td id='message'>Expected Value is: [900937479125913], Actual Value From DB Column - HANDSET_SERIAL_NUM is: [900937479125913], VALIDATION : [SUCCESSFUL]</td></tr></table></div><br/><br/>
<div id='messageValidation' style='background-color: silver; color: black; font-size: xx-small; border: silver 2px solid; padding: 5px;'><table><tr><td style='width:85px;'>Validation</td><td>:</td><td id='message'>Expected Value is: [1300], Actual Value From DB Column - CATALOGUE_ITEM_PRICE_AMT is: [1300], VALIDATION : [SUCCESSFUL]</td></tr></table></div><br/><br/>
<div id='messageValidation' style='background-color: silver; color: black; font-size: xx-small; border: silver 2px solid; padding: 5px;'><table><tr><td style='width:85px;'>Validation</td><td>:</td><td id='message'>Expected Value is: [8912239900003505056], Actual Value From DB Column - USIM_ID is: [8912239900003505056], VALIDATION : [SUCCESSFUL]</td></tr></table></div><br/><br/>
<div id='messageValidation' style='background-color: silver; color: black; font-size: xx-small; border: silver 2px solid; padding: 5px;'><table><tr><td style='width:85px;'>Validation</td><td>:</td><td id='message'>Expected Value is: [1013546], Actual Value From DB Column - REDEEMED_OFFER_ID is: [1013546], VALIDATION : [SUCCESSFUL]</td></tr></table></div><br/><br/>
<div id='messageValidation' style='background-color: silver; color: black; font-size: xx-small; border: silver 2px solid; padding: 5px;'><table><tr><td style='width:85px;'>Validation</td><td>:</td><td id='message'>Expected Value is: [1], Actual Value From DB Column - REDEEMED_OFFER_TYPE_ID is: [1], VALIDATION : [SUCCESSFUL]</td></tr></table></div><br/><br/>
<div id='messageValidation' style='background-color: silver; color: black; font-size: xx-small; border: silver 2px solid; padding: 5px;'><table><tr><td style='width:85px;'>Validation</td><td>:</td><td id='message'>Expected Value is: [1234], Actual Value From DB Column - REDEEMED_OFFER_TIER_CD is: [1234], VALIDATION : [SUCCESSFUL]</td></tr></table></div><br/><br/>
<div id='messageValidation' style='background-color: silver; color: black; font-size: xx-small; border: silver 2px solid; padding: 5px;'><table><tr><td style='width:85px;'>Validation</td><td>:</td><td id='message'>Expected Value is: [1500], Actual Value From DB Column - REDEEMED_OFFER_TIER_CAP_AMT is: [1500], VALIDATION : [SUCCESSFUL]</td></tr></table></div><br/><br/>
<div id='messageValidation' style='background-color: silver; color: black; font-size: xx-small; border: silver 2px solid; padding: 5px;'><table><tr><td style='width:85px;'>Validation</td><td>:</td><td id='message'>Expected Value is: [N], Actual Value From DB Column - DATA_SRVC_REQ_IND is: [N], VALIDATION : [SUCCESSFUL]</td></tr></table></div><br/><br/>
<div id='messageValidation' style='background-color: silver; color: black; font-size: xx-small; border: silver 2px solid; padding: 5px;'><table><tr><td style='width:85px;'>Validation</td><td>:</td><td id='message'>Expected Value is: [N], Actual Value From DB Column - COMB_MIN_CMITMT_DISCHRG_IND is: [N], VALIDATION : [SUCCESSFUL]</td></tr></table></div><br/><br/>
<div id='messageValidation' style='background-color: silver; color: black; font-size: xx-small; border: silver 2px solid; padding: 5px;'><table><tr><td style='width:85px;'>Validation</td><td>:</td><td id='message'>Expected Value is: [2022-10-27], Actual Value From DB Column - REDEEMED_OFFER_TS is: [2022-10-27], VALIDATION : [SUCCESSFUL]</td></tr></table></div><br/><br/>
<div id='messageValidation' style='background-color: silver; color: black; font-size: xx-small; border: silver 2px solid; padding: 5px;'><table><tr><td style='width:85px;'>Validation</td><td>:</td><td id='message'>Expected Value is: [15373], Actual Value From DB Column - REDEEMED_OFFER_SYS_ID is: [15373], VALIDATION : [SUCCESSFUL]</td></tr></table></div><br/><br/>
<div id='messageValidation' style='background-color: silver; color: black; font-size: xx-small; border: silver 2px solid; padding: 5px;'><table><tr><td style='width:85px;'>Validation</td><td>:</td><td id='message'>Validating - CUST_AGRMT_LIFECYCL</td></tr></table></div><br/><br/>
<div id='messageValidation' style='background-color: silver; color: black; font-size: xx-small; border: silver 2px solid; padding: 5px;'><table><tr><td style='width:85px;'>Validation</td><td>:</td><td id='message'>Expected Value is: [2022-09-27], Actual Value From DB Column - EFF_START_TS is: [2022-09-27], VALIDATION : [SUCCESSFUL]</td></tr></table></div><br/><br/>
<div id='messageValidation' style='background-color: silver; color: black; font-size: xx-small; border: silver 2px solid; padding: 5px;'><table><tr><td style='width:85px;'>Validation</td><td>:</td><td id='message'>Expected Value is: [9999-12-31], Actual Value From DB Column - EFF_STOP_TS is: [9999-12-31], VALIDATION : [SUCCESSFUL]</td></tr></table></div><br/><br/>
<div id='messageValidation' style='background-color: silver; color: black; font-size: xx-small; border: silver 2px solid; padding: 5px;'><table><tr><td style='width:85px;'>Validation</td><td>:</td><td id='message'>Expected Value is: [2], Actual Value From DB Column - CUST_AGRMT_STAT_LIFECYCL_ID is: [2], VALIDATION : [SUCCESSFUL]</td></tr></table></div><br/><br/>
<div id='messageValidation' style='background-color: silver; color: black; font-size: xx-small; border: silver 2px solid; padding: 5px;'><table><tr><td style='width:85px;'>Validation</td><td>:</td><td id='message'>Validating - REWARD_ACCOUNT</td></tr></table></div><br/><br/>
<div id='messageValidation' style='background-color: silver; color: black; font-size: xx-small; border: silver 2px solid; padding: 5px;'><table><tr><td style='width:85px;'>Validation</td><td>:</td><td id='message'>--- Agreement Item : 1---</td></tr></table></div><br/><br/>
<div id='messageValidation' style='background-color: silver; color: black; font-size: xx-small; border: silver 2px solid; padding: 5px;'><table><tr><td style='width:85px;'>Validation</td><td>:</td><td id='message'>Validating - Reward Type  - HARDWARE</td></tr></table></div><br/><br/>
<div id='messageValidation' style='background-color: silver; color: black; font-size: xx-small; border: silver 2px solid; padding: 5px;'><table><tr><td style='width:85px;'>Validation</td><td>:</td><td id='message'>--- Agreement Item : 2---</td></tr></table></div><br/><br/>
<div id='messageValidation' style='background-color: silver; color: black; font-size: xx-small; border: silver 2px solid; padding: 5px;'><table><tr><td style='width:85px;'>Validation</td><td>:</td><td id='message'>Validating - Reward Type  - FINANCE</td></tr></table></div><br/><br/>
<div id='messageValidation' style='background-color: silver; color: black; font-size: xx-small; border: silver 2px solid; padding: 5px;'><table><tr><td style='width:85px;'>Validation</td><td>:</td><td id='message'>--- Agreement Item : 3---</td></tr></table></div><br/><br/>
<div id='messageValidation' style='background-color: silver; color: black; font-size: xx-small; border: silver 2px solid; padding: 5px;'><table><tr><td style='width:85px;'>Validation</td><td>:</td><td id='message'>Validating - Reward Type  - BIB</td></tr></table></div><br/><br/>
<div id='messageValidation' style='background-color: silver; color: black; font-size: xx-small; border: silver 2px solid; padding: 5px;'><table><tr><td style='width:85px;'>Validation</td><td>:</td><td id='message'>--- Agreement Item : 4---</td></tr></table></div><br/><br/>
<div id='messageValidation' style='background-color: silver; color: black; font-size: xx-small; border: silver 2px solid; padding: 5px;'><table><tr><td style='width:85px;'>Validation</td><td>:</td><td id='message'>Validating - Reward Type  - TAB</td></tr></table></div><br/><br/>
<div id='messageValidation' style='background-color: silver; color: black; font-size: xx-small; border: silver 2px solid; padding: 5px;'><table><tr><td style='width:85px;'>Validation</td><td>:</td><td id='message'>--- Agreement Item : 5---</td></tr></table></div><br/><br/>
<div id='messageValidation' style='background-color: silver; color: black; font-size: xx-small; border: silver 2px solid; padding: 5px;'><table><tr><td style='width:85px;'>Validation</td><td>:</td><td id='message'>Validating - Reward Type  - HWS</td></tr></table></div><br/><br/>
<div id='messageValidation' style='background-color: silver; color: black; font-size: xx-small; border: silver 2px solid; padding: 5px;'><table><tr><td style='width:85px;'>Validation</td><td>:</td><td id='message'>TestListener.onTestSuccess</td></tr></table></div><br/><br/>
<div id='messageValidation' style='background-color: silver; color: black; font-size: xx-small; border: silver 2px solid; padding: 5px;'><table><tr><td style='width:85px;'>Validation</td><td>:</td><td id='message'>JIRA - Skipping Jira Update as Toggle it's false</td></tr></table></div><br/><br/>]]>
  </system-out>
</testsuite> <!-- com.telus.rcms.tests.FutureActivation.TC07_Telus_TAB_HWS_DB_DF_BIB -->
