<?xml version="1.0" encoding="UTF-8"?>
<!-- Generated by org.testng.reporters.JUnitReportReporter -->
<testsuite skipped="0" hostname="BA-000289023" name="com.telus.rcms.tests.FutureActivation.TC03_Koodo_SIM_ONLY" tests="1" failures="0" timestamp="2022-09-27T12:13:19 IST" time="9.596" errors="0">
  <testcase name="testMethod_activation" time="9.596" classname="com.telus.rcms.tests.FutureActivation.TC03_Koodo_SIM_ONLY"/>
  <system-out>
    <![CDATA[<div id='messageValidation' style='background-color: silver; color: black; font-size: xx-small; border: silver 2px solid; padding: 5px;'><table><tr><td style='width:85px;'>Validation</td><td>:</td><td id='message'>TestListener.createNewTestReport</td></tr></table></div><br/><br/>
<div id='messageValidation' style='background-color: silver; color: black; font-size: xx-small; border: silver 2px solid; padding: 5px;'><table><tr><td style='width:85px;'>Validation</td><td>:</td><td id='message'>GROUP_REPORT tag property :  true</td></tr></table></div><br/><br/>
<div id='messageValidation' style='background-color: silver; color: black; font-size: xx-small; border: silver 2px solid; padding: 5px;'><table><tr><td style='width:85px;'>Validation</td><td>:</td><td id='message'>TestListener.onTestStart</td></tr></table></div><br/><br/>
<div id='messageValidation' style='background-color: silver; color: black; font-size: xx-small; border: silver 2px solid; padding: 5px;'><table><tr><td style='width:85px;'>Validation</td><td>:</td><td id='message'>Automation Configuration - Environment Configured for Automation Execution [PT168]</td></tr></table></div><br/><br/>
<div id='messageValidation' style='background-color: silver; color: black; font-size: xx-small; border: silver 2px solid; padding: 5px;'><table><tr><td style='width:85px;'>Validation</td><td>:</td><td id='message'>Test Case Name : [TC03_Koodo_SIM_ONLY]</td></tr></table></div><br/><br/>
<div id='messageValidation' style='background-color: silver; color: black; font-size: xx-small; border: silver 2px solid; padding: 5px;'><table><tr><td style='width:85px;'>Validation</td><td>:</td><td id='message'>Test Case Description : [The purpose of this test case is to verify "TC03_Koodo_SIM_ONLY" workflow]</td></tr></table></div><br/><br/>
<div id='messageValidation' style='background-color: silver; color: black; font-size: xx-small; border: silver 2px solid; padding: 5px;'><table><tr><td style='width:85px;'>Validation</td><td>:</td><td id='message'>Request Payload Path : [C:\Users\durairaj.lnu\Documents\GitHub\Phase1\Automation-TestAuto-OE-PS-RCMS-API\src\test\resources\testSpecs\RCMS\FutureActivation\TC03_Koodo_SIM_ONLY.json]</td></tr></table></div><br/><br/>
<div id='messageValidation' style='background-color: silver; color: black; font-size: xx-small; border: silver 2px solid; padding: 5px;'><table><tr><td style='width:85px;'>Validation</td><td>:</td><td id='message'>STEP ===== > OAuth2 API Call</td></tr></table></div><br/><br/>
<div id='messageValidation' style='background-color: silver; color: black; font-size: xx-small; border: silver 2px solid; padding: 5px;'><table><tr><td style='width:85px;'>Validation</td><td>:</td><td id='message'>API Operation status: 200</td></tr></table></div><br/><br/>
<div id='messageValidation' style='background-color: silver; color: black; font-size: xx-small; border: silver 2px solid; padding: 5px;'><table><tr><td style='width:85px;'>Validation</td><td>:</td><td id='message'>ACCESS_TOKEN: eyJhbGciOiJSUzI1NiIsImtpZCI6ImNhZGZhMTYyLTU2YzEtNGRiOS1hNjNmLTYwZTM3NzIwMWJkZiIsInBpLmF0bSI6IjMifQ.eyJzY29wZSI6WyIyMzUiLCIyMzMiLCIxMjUiLCI5OTIiXSwiY2xpZW50X2lkIjoiODM5ZDQ5MmEtMWQ3NC00Yjc5LThhMjgtNjJiM2EyZWE4YmZiIiwiaXNzIjoiaHR0cHM6Ly90ZWFtc3NvLWl0czA0LnRlbHVzLmNvbSIsImF1ZCI6ImtvbmciLCJpYXQiOjE2NjQyNTkxNjAsImV4cCI6MTY2NDI1OTQ2MH0.Lfx5bo5gd2SpgqBMNVvO8JTDUFZ-TUu3-dbZ4B87Bu-IUC38gn0nuJKkTrZ-UD-hQrisfnuPSBElEhLrARVPwMt5q_s2JEFb4zeZCYJNUSiGmFa-uuyJp3653NFgnYKeCGVr5Qb5SE3IUmZEW-uFO5kyyO4DTIei3xMwPn5T-qtEqdUiwuxOWp-mPI72fzRxE4MiEITYKnLIl6LLKa7E82pkhiy3dOAi9h_RkCFcuRy_QDfVubB82XD3cYj2JikdLqspEYberSirSJRba08jddce5ydQ0tKkFR1ZCBOkBXhg9-q_FYcI3LXB4sNBzwocnxjS7lplCQDnvHYEXFO5Lw</td></tr></table></div><br/><br/>
<div id='messageValidation' style='background-color: silver; color: black; font-size: xx-small; border: silver 2px solid; padding: 5px;'><table><tr><td style='width:85px;'>Validation</td><td>:</td><td id='message'>API Test Env is : [it01]</td></tr></table></div><br/><br/>
<div id='messageValidation' style='background-color: silver; color: black; font-size: xx-small; border: silver 2px solid; padding: 5px;'><table><tr><td style='width:85px;'>Validation</td><td>:</td><td id='message'>------------DB connected successfully------------</td></tr></table></div><br/><br/>
<div id='messageValidation' style='background-color: silver; color: black; font-size: xx-small; border: silver 2px solid; padding: 5px;'><table><tr><td style='width:85px;'>Validation</td><td>:</td><td id='message'>Auto-Generated BAN : [70916554]</td></tr></table></div><br/><br/>
<div id='messageValidation' style='background-color: silver; color: black; font-size: xx-small; border: silver 2px solid; padding: 5px;'><table><tr><td style='width:85px;'>Validation</td><td>:</td><td id='message'>Auto-Generated SUBSCRIPTION_ID : [8502556]</td></tr></table></div><br/><br/>
<div id='messageValidation' style='background-color: silver; color: black; font-size: xx-small; border: silver 2px solid; padding: 5px;'><table><tr><td style='width:85px;'>Validation</td><td>:</td><td id='message'>Auto-Generated SUBSCRIPTION_NUMBER : [4162337387]</td></tr></table></div><br/><br/>
<div id='messageValidation' style='background-color: silver; color: black; font-size: xx-small; border: silver 2px solid; padding: 5px;'><table><tr><td style='width:85px;'>Validation</td><td>:</td><td id='message'>API Operation status: null</td></tr></table></div><br/><br/>
<div id='messageValidation' style='background-color: silver; color: black; font-size: xx-small; border: silver 2px solid; padding: 5px;'><table><tr><td style='width:85px;'>Validation</td><td>:</td><td id='message'>API Operation Request: null</td></tr></table></div><br/><br/>
<div id='messageValidation' style='background-color: silver; color: black; font-size: xx-small; border: silver 2px solid; padding: 5px;'><table><tr><td style='width:85px;'>Validation</td><td>:</td><td id='message'>Path of the fileC:\Users\durairaj.lnu\Documents\GitHub\Phase1\Automation-TestAuto-OE-PS-RCMS-API\src\test\resources\testSpecs\RCMS\FutureActivation\TC03_Koodo_SIM_ONLY.json</td></tr></table></div><br/><br/>
<div id='messageValidation' style='background-color: silver; color: black; font-size: xx-small; border: silver 2px solid; padding: 5px;'><table><tr><td style='width:85px;'>Validation</td><td>:</td><td id='message'>Pretty Payload: {
   "agreementDuration": {
      "endDateTime": null,
      "startDateTime": 2022-10-27T00:00:00-0500,
      "quantity": {
         "amount": 0,
         "units": "MONTH"
      }
   },
   "agreementItem": [
      {
         "id": "",
         "itemDuration": {
            "endDateTime": null,
            "startDateTime": 2022-10-27T00:00:00-0500,
            "quantity": {
               "amount": 24,
               "units": "MONTH"
            }
         },
         "itemType": "HWS",
         "incentiveAmount": 0,
         "installment": {
            "characteristic": [
               {
                  "name": "INSTALLMENTS_LEFT_NUM",
                  "value": "24"
               },
               {
                  "name": "INSTALLMENTS_APPLIED_NUM",
                  "value": "0"
               },
               {
                  "name": "INSTALLMENTS_APPLIED_AMT",
                  "value": "0.0"
               }
            ]
         },
         "termOrCondition": {
            "characteristic": [
               {
                  "name": "MIN_RATE_PLAN_VALUE_AMT",
                  "value": "0.0"
               },
               {
                  "name": "MIN_FEATURE_VALUE_AMT",
                  "value": "0.0"
               },
               {
                  "name": "MIN_COMBINED_VALUE_AMT",
                  "value": "80.0"
               }
            ]
         },
         "tax": {
            "taxPaymentMethodCode": "CA",
            "taxPaymentMechanismCode": "TILL",
            "taxPaymentChannelCode": "RTL",
            "taxProvinceCode": "ON",
            "taxRate": [
               {
                  "taxCategory": "HST",
                  "taxRate": 13,
                  "taxAmount": {
                     "value": 14.59,
                     "unit": "CAD"
                  }
               },
               {
                  "taxCategory": "GST",
                  "taxRate": 14,
                  "taxAmount": {
                     "value": 15,
                     "unit": "CAD"
                  }
               },
               {
                  "taxCategory": "PST",
                  "taxRate": 16,
                  "taxAmount": {
                     "value": 17.45,
                     "unit": "CAD"
                  }
               }
            ]
         },
         "product": [
            {
               "productSerialNumber": "900937479125913",
               "productSpecification": {
                  "id": "LAI6S16GBSL",
                  "categoryCode": "SMARTPHONE",
                  "description": [
                     {
                        "locale": "EN_CA",
                        "description": "APPLE IPHONE 4S 32GB BLACK"
                     },
                     {
                        "locale": "FR_CA",
                        "description": "APPLE IPHONE 4S 32GB BLACK"
                     }
                  ],
                  "typeCode": "DEVICE_TYPE"
               },
               "productPrice": {
                  "price": {
                     "dutyFreeAmount": {
                        "value": 1300,
                        "unit": "CAD"
                     }
                  }
               },
               "productCharacteristic": [
                  {
                     "name": "USIM_ID",
                     "value": "8912239900003505056"
                  }
               ]
            }
         ],
         "promotion": [
            {
               "id": "23456",
               "perspectiveDate": 2022-10-27T00:00:00-0500
            }
         ],
         "productOffering": {
            "id": "1013546",
            "characteristic": [
               {
                  "name": "REDEEMED_OFFER_CONTEXT_CODE",
                  "value": "AOM"
               },
               {
                  "name": "OFFER_TIER_CD",
                  "value": "1234"
               },
               {
                  "name": "OFFER_TIER_CAP_AMT",
                  "value": "1500.0"
               },
               {
                  "name": "DATA_COMMITMENT_IND",
                  "value": "false"
               },
               {
                  "name": "CONTRACT_ENFORCED_PLAN_IND",
                  "value": "false"
               }
            ],
            "perspectiveDate": 2022-10-27T00:00:00-0500,
            "sourceSystemId": "15373"
         }
      },
      {
         "id": "",
         "itemDuration": {
            "endDateTime": null,
            "startDateTime": 2022-10-27T00:00:00-0500,
            "quantity": {
               "amount": 24,
               "units": "MONTH"
            }
         },
         "itemType": "TAB",
         "incentiveAmount": 0,
         "installment": {
            "installmentDuration": {
               "endDateTime": null,
               "startDateTime": 2022-10-27T00:00:00-0500,
               "quantity": {
                  "amount": 24,
                  "units": "MONTH"
               }
            },
            "characteristic": [
               {
                  "name": "INSTALLMENTS_LEFT_NUM",
                  "value": "24"
               },
               {
                  "name": "INSTALLMENTS_APPLIED_NUM",
                  "value": "0"
               },
               {
                  "name": "INSTALLMENTS_APPLIED_AMT",
                  "value": "0.0"
               }
            ]
         },
         "termOrCondition": {
            "characteristic": [
               {
                  "name": "MIN_RATE_PLAN_VALUE_AMT",
                  "value": "0.0"
               },
               {
                  "name": "MIN_FEATURE_VALUE_AMT",
                  "value": "0.0"
               },
               {
                  "name": "MIN_COMBINED_VALUE_AMT",
                  "value": "80.0"
               }
            ]
         },
                    "tax": {
            "taxPaymentMethodCode": "CA",
            "taxPaymentMechanismCode": "TILL",
            "taxPaymentChannelCode": "RTL",
            "taxProvinceCode": "ON",
            "taxRate": [
               {
                  "taxCategory": "HST",
                  "taxRate": 13,
                  "taxAmount": {
                     "value": 14.59,
                     "unit": "CAD"
                  }
               },
               {
                  "taxCategory": "GST",
                  "taxRate": 14,
                  "taxAmount": {
                     "value": 15,
                     "unit": "CAD"
                  }
               },
               {
                  "taxCategory": "PST",
                  "taxRate": 16,
                  "taxAmount": {
                     "value": 17.45,
                     "unit": "CAD"
                  }
               }
            ]
         },
         "product": [
            {
               "productSerialNumber": "900937479125913",
               "productSpecification": {
                  "id": "LAI6S16GBSL",
                  "categoryCode": "SMARTPHONE",
                  "description": [
                     {
                        "locale": "EN_CA",
                        "description": "APPLE IPHONE 4S 32GB BLACK"
                     },
                     {
                        "locale": "FR_CA",
                        "description": "APPLE IPHONE 4S 32GB BLACK"
                     }
                  ],
                  "typeCode": "DEVICE_TYPE"
               },
               "productPrice": {
                  "price": {
                     "dutyFreeAmount": {
                        "value": 1300,
                        "unit": "CAD"
                     }
                  }
               },
               "productCharacteristic": [
                  {
                     "name": "USIM_ID",
                     "value": "8912239900003505056"
                  }
               ]
            }
         ],
         "promotion": [
            {
               "id": "23456",
               "perspectiveDate": 2022-10-27T00:00:00-0500
            }
         ],
         "productOffering": {
            "id": "1013546",
            "characteristic": [
               {
                  "name": "REDEEMED_OFFER_CONTEXT_CODE",
                  "value": "AOM"
               },
               {
                  "name": "OFFER_TIER_CD",
                  "value": "1234"
               },
               {
                  "name": "OFFER_TIER_CAP_AMT",
                  "value": "1500.0"
               },
               {
                  "name": "DATA_COMMITMENT_IND",
                  "value": "false"
               },
               {
                  "name": "CONTRACT_ENFORCED_PLAN_IND",
                  "value": "false"
               }
            ],
            "perspectiveDate": 2022-10-27T00:00:00-0500,
            "sourceSystemId": "15373"
         }
      }
   ],
   "relatedParty": [
      {
         "id": 70916554,
         "role": "ACCOUNT",
         "characteristic": [
            {
               "name": "BRAND_ID",
               "value": "3"
            },
            {
               "name": "ACCOUNT_TYPE_CODE",
               "value": "I"
            },
            {
               "name": "ACCOUNT_SUB_TYPE_CODE",
               "value": "R"
            }
         ]
      },
      {
         "id": 12373,
         "role": "ORIGINATOR",
         "characteristic": [
            {
               "name": "TRANSACTION_ID",
               "value": "877344"
            },
            {
               "name": "CHNL_ORG_ID",
               "value": "0000029199"
            },
            {
               "name": "SALES_REP_ID",
               "value": "5335"
            }
         ]
      },
      {
         "id": 8502556,
         "role": "Subscription",
         "characteristic": [
            {
               "name": "MARKET_PROVINCE",
               "value": "ON"
            },
            {
               "name": "HOME_PROVINCE_CODE",
               "value": "ON"
            },
            {
               "name": "SUBSCRIBER_NUMBER",
               "value": 4162337387
            },
            {
               "name": "COMBO_RATE_PLAN_IND",
               "value": "true"
            }
         ]
      }
   ]
}
</td></tr></table></div><br/><br/>
<div id='messageValidation' style='background-color: silver; color: black; font-size: xx-small; border: silver 2px solid; padding: 5px;'><table><tr><td style='width:85px;'>Validation</td><td>:</td><td id='message'>--------------------DB Validation Starts-----------------------</td></tr></table></div><br/><br/>
<div id='messageValidation' style='background-color: silver; color: black; font-size: xx-small; border: silver 2px solid; padding: 5px;'><table><tr><td style='width:85px;'>Validation</td><td>:</td><td id='message'>--Since its a Koodo Subscriber with SIM Only TC, Data is not flowing to DB which is Expected.--</td></tr></table></div><br/><br/>
<div id='messageValidation' style='background-color: silver; color: black; font-size: xx-small; border: silver 2px solid; padding: 5px;'><table><tr><td style='width:85px;'>Validation</td><td>:</td><td id='message'>--------------------DB Validation Completed--------------------</td></tr></table></div><br/><br/>
<div id='messageValidation' style='background-color: silver; color: black; font-size: xx-small; border: silver 2px solid; padding: 5px;'><table><tr><td style='width:85px;'>Validation</td><td>:</td><td id='message'>TestListener.onTestSuccess</td></tr></table></div><br/><br/>
<div id='messageValidation' style='background-color: silver; color: black; font-size: xx-small; border: silver 2px solid; padding: 5px;'><table><tr><td style='width:85px;'>Validation</td><td>:</td><td id='message'>JIRA - Skipping Jira Update as Toggle it's false</td></tr></table></div><br/><br/>]]>
  </system-out>
</testsuite> <!-- com.telus.rcms.tests.FutureActivation.TC03_Koodo_SIM_ONLY -->
